# JRE version: 7.0_17-b02
# Java VM: Java HotSpot(TM) 64-Bit Server VM (23.7-b01 mixed mode windows-amd64 compressed oops)
Heap
 PSYoungGen      total 27008K, used 1459K [0x00000007d5960000, 0x00000007d86f0000, 0x0000000800000000)
  eden space 26560K, 3% used [0x00000007d5960000,0x00000007d5a64cd0,0x00000007d7350000)
  from space 448K, 92% used [0x00000007d73e0000,0x00000007d7448000,0x00000007d7450000)
  to   space 10048K, 0% used [0x00000007d7d20000,0x00000007d7d20000,0x00000007d86f0000)
 ParOldGen       total 86848K, used 13363K [0x0000000780c00000, 0x00000007860d0000, 0x00000007d5960000)
  object space 86848K, 15% used [0x0000000780c00000,0x000000078190ce38,0x00000007860d0000)
 PSPermGen       total 21248K, used 17930K [0x000000077ba00000, 0x000000077cec0000, 0x0000000780c00000)
  object space 21248K, 84% used [0x000000077ba00000,0x000000077cb82a78,0x000000077cec0000)
GC Heap History (10 events):
Event: 399.897 GC heap before
{Heap before GC invocations=9 (full 0):
 PSYoungGen      total 40128K, used 29824K [0x00000007d5960000, 0x00000007d8c20000, 0x0000000800000000)
  eden space 29696K, 100% used [0x00000007d5960000,0x00000007d7660000,0x00000007d7660000)
  from space 10432K, 1% used [0x00000007d81f0000,0x00000007d8210000,0x00000007d8c20000)
  to   space 11136K, 0% used [0x00000007d7660000,0x00000007d7660000,0x00000007d8140000)
 ParOldGen       total 86848K, used 9562K [0x0000000780c00000, 0x00000007860d0000, 0x00000007d5960000)
  object space 86848K, 11% used [0x0000000780c00000,0x00000007815568c8,0x00000007860d0000)
 PSPermGen       total 21248K, used 17816K [0x000000077ba00000, 0x000000077cec0000, 0x0000000780c00000)
  object space 21248K, 83% used [0x000000077ba00000,0x000000077cb662b0,0x000000077cec0000)
Event: 399.903 GC heap after
Heap after GC invocations=9 (full 0):
 PSYoungGen      total 33664K, used 4665K [0x00000007d5960000, 0x00000007d8a90000, 0x0000000800000000)
  eden space 28992K, 0% used [0x00000007d5960000,0x00000007d5960000,0x00000007d75b0000)
  from space 4672K, 99% used [0x00000007d7660000,0x00000007d7aee440,0x00000007d7af0000)
  to   space 10688K, 0% used [0x00000007d8020000,0x00000007d8020000,0x00000007d8a90000)
 ParOldGen       total 86848K, used 9586K [0x0000000780c00000, 0x00000007860d0000, 0x00000007d5960000)
  object space 86848K, 11% used [0x0000000780c00000,0x000000078155c8c8,0x00000007860d0000)
 PSPermGen       total 21248K, used 17816K [0x000000077ba00000, 0x000000077cec0000, 0x0000000780c00000)
  object space 21248K, 83% used [0x000000077ba00000,0x000000077cb662b0,0x000000077cec0000)
}
Event: 413.129 GC heap before
{Heap before GC invocations=10 (full 0):
 PSYoungGen      total 33664K, used 33657K [0x00000007d5960000, 0x00000007d8a90000, 0x0000000800000000)
  eden space 28992K, 100% used [0x00000007d5960000,0x00000007d75b0000,0x00000007d75b0000)
  from space 4672K, 99% used [0x00000007d7660000,0x00000007d7aee440,0x00000007d7af0000)
  to   space 10688K, 0% used [0x00000007d8020000,0x00000007d8020000,0x00000007d8a90000)
 ParOldGen       total 86848K, used 9586K [0x0000000780c00000, 0x00000007860d0000, 0x00000007d5960000)
  object space 86848K, 11% used [0x0000000780c00000,0x000000078155c8c8,0x00000007860d0000)
 PSPermGen       total 21248K, used 17880K [0x000000077ba00000, 0x000000077cec0000, 0x0000000780c00000)
  object space 21248K, 84% used [0x000000077ba00000,0x000000077cb761b8,0x000000077cec0000)
Event: 413.137 GC heap after
Heap after GC invocations=10 (full 0):
 PSYoungGen      total 38016K, used 5073K [0x00000007d5960000, 0x00000007d8990000, 0x0000000800000000)
  eden space 28352K, 0% used [0x00000007d5960000,0x00000007d5960000,0x00000007d7510000)
  from space 9664K, 52% used [0x00000007d8020000,0x00000007d8514440,0x00000007d8990000)
  to   space 10496K, 0% used [0x00000007d7510000,0x00000007d7510000,0x00000007d7f50000)
 ParOldGen       total 86848K, used 9602K [0x0000000780c00000, 0x00000007860d0000, 0x00000007d5960000)
  object space 86848K, 11% used [0x0000000780c00000,0x00000007815608c8,0x00000007860d0000)
 PSPermGen       total 21248K, used 17880K [0x000000077ba00000, 0x000000077cec0000, 0x0000000780c00000)
  object space 21248K, 84% used [0x000000077ba00000,0x000000077cb761b8,0x000000077cec0000)
}
Event: 432.473 GC heap before
{Heap before GC invocations=11 (full 0):
 PSYoungGen      total 38016K, used 33425K [0x00000007d5960000, 0x00000007d8990000, 0x0000000800000000)
  eden space 28352K, 100% used [0x00000007d5960000,0x00000007d7510000,0x00000007d7510000)
  from space 9664K, 52% used [0x00000007d8020000,0x00000007d8514440,0x00000007d8990000)
  to   space 10496K, 0% used [0x00000007d7510000,0x00000007d7510000,0x00000007d7f50000)
 ParOldGen       total 86848K, used 9602K [0x0000000780c00000, 0x00000007860d0000, 0x00000007d5960000)
  object space 86848K, 11% used [0x0000000780c00000,0x00000007815608c8,0x00000007860d0000)
 PSPermGen       total 21248K, used 17889K [0x000000077ba00000, 0x000000077cec0000, 0x0000000780c00000)
  object space 21248K, 84% used [0x000000077ba00000,0x000000077cb78710,0x000000077cec0000)
Event: 432.480 GC heap after
Heap after GC invocations=11 (full 0):
 PSYoungGen      total 28160K, used 416K [0x00000007d5960000, 0x00000007d88d0000, 0x0000000800000000)
  eden space 27712K, 0% used [0x00000007d5960000,0x00000007d5960000,0x00000007d7470000)
  from space 448K, 92% used [0x00000007d7510000,0x00000007d7578000,0x00000007d7580000)
  to   space 10432K, 0% used [0x00000007d7ea0000,0x00000007d7ea0000,0x00000007d88d0000)
 ParOldGen       total 86848K, used 13271K [0x0000000780c00000, 0x00000007860d0000, 0x00000007d5960000)
  object space 86848K, 15% used [0x0000000780c00000,0x00000007818f5d98,0x00000007860d0000)
 PSPermGen       total 21248K, used 17889K [0x000000077ba00000, 0x000000077cec0000, 0x0000000780c00000)
  object space 21248K, 84% used [0x000000077ba00000,0x000000077cb78710,0x000000077cec0000)
}
Event: 470.055 GC heap before
{Heap before GC invocations=12 (full 0):
 PSYoungGen      total 28160K, used 28128K [0x00000007d5960000, 0x00000007d88d0000, 0x0000000800000000)
  eden space 27712K, 100% used [0x00000007d5960000,0x00000007d7470000,0x00000007d7470000)
  from space 448K, 92% used [0x00000007d7510000,0x00000007d7578000,0x00000007d7580000)
  to   space 10432K, 0% used [0x00000007d7ea0000,0x00000007d7ea0000,0x00000007d88d0000)
 ParOldGen       total 86848K, used 13271K [0x0000000780c00000, 0x00000007860d0000, 0x00000007d5960000)
  object space 86848K, 15% used [0x0000000780c00000,0x00000007818f5d98,0x00000007860d0000)
 PSPermGen       total 21248K, used 17901K [0x000000077ba00000, 0x000000077cec0000, 0x0000000780c00000)
  object space 21248K, 84% used [0x000000077ba00000,0x000000077cb7b790,0x000000077cec0000)
Event: 470.074 GC heap after
Heap after GC invocations=12 (full 0):
 PSYoungGen      total 36608K, used 544K [0x00000007d5960000, 0x00000007d87e0000, 0x0000000800000000)
  eden space 27136K, 0% used [0x00000007d5960000,0x00000007d5960000,0x00000007d73e0000)
  from space 9472K, 5% used [0x00000007d7ea0000,0x00000007d7f28000,0x00000007d87e0000)
  to   space 10240K, 0% used [0x00000007d73e0000,0x00000007d73e0000,0x00000007d7de0000)
 ParOldGen       total 86848K, used 13347K [0x0000000780c00000, 0x00000007860d0000, 0x00000007d5960000)
  object space 86848K, 15% used [0x0000000780c00000,0x0000000781908e38,0x00000007860d0000)
 PSPermGen       total 21248K, used 17901K [0x000000077ba00000, 0x000000077cec0000, 0x0000000780c00000)
  object space 21248K, 84% used [0x000000077ba00000,0x000000077cb7b790,0x000000077cec0000)
}
Event: 507.594 GC heap before
{Heap before GC invocations=13 (full 0):
 PSYoungGen      total 36608K, used 27680K [0x00000007d5960000, 0x00000007d87e0000, 0x0000000800000000)
  eden space 27136K, 100% used [0x00000007d5960000,0x00000007d73e0000,0x00000007d73e0000)
  from space 9472K, 5% used [0x00000007d7ea0000,0x00000007d7f28000,0x00000007d87e0000)
  to   space 10240K, 0% used [0x00000007d73e0000,0x00000007d73e0000,0x00000007d7de0000)
 ParOldGen       total 86848K, used 13347K [0x0000000780c00000, 0x00000007860d0000, 0x00000007d5960000)
  object space 86848K, 15% used [0x0000000780c00000,0x0000000781908e38,0x00000007860d0000)
 PSPermGen       total 21248K, used 17922K [0x000000077ba00000, 0x000000077cec0000, 0x0000000780c00000)
  object space 21248K, 84% used [0x000000077ba00000,0x000000077cb80a08,0x000000077cec0000)
Event: 507.602 GC heap after
Heap after GC invocations=13 (full 0):
 PSYoungGen      total 27008K, used 416K [0x00000007d5960000, 0x00000007d86f0000, 0x0000000800000000)
  eden space 26560K, 0% used [0x00000007d5960000,0x00000007d5960000,0x00000007d7350000)
  from space 448K, 92% used [0x00000007d73e0000,0x00000007d7448000,0x00000007d7450000)
  to   space 10048K, 0% used [0x00000007d7d20000,0x00000007d7d20000,0x00000007d86f0000)
 ParOldGen       total 86848K, used 13363K [0x0000000780c00000, 0x00000007860d0000, 0x00000007d5960000)
  object space 86848K, 15% used [0x0000000780c00000,0x000000078190ce38,0x00000007860d0000)
 PSPermGen       total 21248K, used 17922K [0x000000077ba00000, 0x000000077cec0000, 0x0000000780c00000)
  object space 21248K, 84% used [0x000000077ba00000,0x000000077cb80a08,0x000000077cec0000)
}

