# JRE version: 7.0_17-b02
# Java VM: Java HotSpot(TM) 64-Bit Server VM (23.7-b01 mixed mode windows-amd64 compressed oops)
Heap
 PSYoungGen      total 30976K, used 9771K [0x00000007d5960000, 0x00000007d8020000, 0x0000000800000000)
  eden space 23936K, 38% used [0x00000007d5960000,0x00000007d6252ff0,0x00000007d70c0000)
  from space 7040K, 8% used [0x00000007d7940000,0x00000007d79d8000,0x00000007d8020000)
  to   space 7872K, 0% used [0x00000007d70c0000,0x00000007d70c0000,0x00000007d7870000)
 ParOldGen       total 86848K, used 9358K [0x0000000780c00000, 0x00000007860d0000, 0x00000007d5960000)
  object space 86848K, 10% used [0x0000000780c00000,0x00000007815238f0,0x00000007860d0000)
 PSPermGen       total 21248K, used 18261K [0x000000077ba00000, 0x000000077cec0000, 0x0000000780c00000)
  object space 21248K, 85% used [0x000000077ba00000,0x000000077cbd5718,0x000000077cec0000)
GC Heap History (10 events):
Event: 225.410 GC heap before
{Heap before GC invocations=14 (full 0):
 PSYoungGen      total 27264K, used 27232K [0x00000007d5960000, 0x00000007d8530000, 0x0000000800000000)
  eden space 26560K, 100% used [0x00000007d5960000,0x00000007d7350000,0x00000007d7350000)
  from space 704K, 95% used [0x00000007d73e0000,0x00000007d7488000,0x00000007d7490000)
  to   space 9152K, 0% used [0x00000007d7c40000,0x00000007d7c40000,0x00000007d8530000)
 ParOldGen       total 86848K, used 9310K [0x0000000780c00000, 0x00000007860d0000, 0x00000007d5960000)
  object space 86848K, 10% used [0x0000000780c00000,0x00000007815178f0,0x00000007860d0000)
 PSPermGen       total 21248K, used 18246K [0x000000077ba00000, 0x000000077cec0000, 0x0000000780c00000)
  object space 21248K, 85% used [0x000000077ba00000,0x000000077cbd1948,0x000000077cec0000)
Event: 225.418 GC heap after
Heap after GC invocations=14 (full 0):
 PSYoungGen      total 34176K, used 608K [0x00000007d5960000, 0x00000007d8440000, 0x0000000800000000)
  eden space 25984K, 0% used [0x00000007d5960000,0x00000007d5960000,0x00000007d72c0000)
  from space 8192K, 7% used [0x00000007d7c40000,0x00000007d7cd8000,0x00000007d8440000)
  to   space 8960K, 0% used [0x00000007d72c0000,0x00000007d72c0000,0x00000007d7b80000)
 ParOldGen       total 86848K, used 9310K [0x0000000780c00000, 0x00000007860d0000, 0x00000007d5960000)
  object space 86848K, 10% used [0x0000000780c00000,0x00000007815178f0,0x00000007860d0000)
 PSPermGen       total 21248K, used 18246K [0x000000077ba00000, 0x000000077cec0000, 0x0000000780c00000)
  object space 21248K, 85% used [0x000000077ba00000,0x000000077cbd1948,0x000000077cec0000)
}
Event: 240.911 GC heap before
{Heap before GC invocations=15 (full 0):
 PSYoungGen      total 34176K, used 26592K [0x00000007d5960000, 0x00000007d8440000, 0x0000000800000000)
  eden space 25984K, 100% used [0x00000007d5960000,0x00000007d72c0000,0x00000007d72c0000)
  from space 8192K, 7% used [0x00000007d7c40000,0x00000007d7cd8000,0x00000007d8440000)
  to   space 8960K, 0% used [0x00000007d72c0000,0x00000007d72c0000,0x00000007d7b80000)
 ParOldGen       total 86848K, used 9310K [0x0000000780c00000, 0x00000007860d0000, 0x00000007d5960000)
  object space 86848K, 10% used [0x0000000780c00000,0x00000007815178f0,0x00000007860d0000)
 PSPermGen       total 21248K, used 18253K [0x000000077ba00000, 0x000000077cec0000, 0x0000000780c00000)
  object space 21248K, 85% used [0x000000077ba00000,0x000000077cbd35a8,0x000000077cec0000)
Event: 240.917 GC heap after
Heap after GC invocations=15 (full 0):
 PSYoungGen      total 26048K, used 576K [0x00000007d5960000, 0x00000007d8360000, 0x0000000800000000)
  eden space 25472K, 0% used [0x00000007d5960000,0x00000007d5960000,0x00000007d7240000)
  from space 576K, 100% used [0x00000007d72c0000,0x00000007d7350000,0x00000007d7350000)
  to   space 8768K, 0% used [0x00000007d7ad0000,0x00000007d7ad0000,0x00000007d8360000)
 ParOldGen       total 86848K, used 9310K [0x0000000780c00000, 0x00000007860d0000, 0x00000007d5960000)
  object space 86848K, 10% used [0x0000000780c00000,0x00000007815178f0,0x00000007860d0000)
 PSPermGen       total 21248K, used 18253K [0x000000077ba00000, 0x000000077cec0000, 0x0000000780c00000)
  object space 21248K, 85% used [0x000000077ba00000,0x000000077cbd35a8,0x000000077cec0000)
}
Event: 259.442 GC heap before
{Heap before GC invocations=16 (full 0):
 PSYoungGen      total 26048K, used 26048K [0x00000007d5960000, 0x00000007d8360000, 0x0000000800000000)
  eden space 25472K, 100% used [0x00000007d5960000,0x00000007d7240000,0x00000007d7240000)
  from space 576K, 100% used [0x00000007d72c0000,0x00000007d7350000,0x00000007d7350000)
  to   space 8768K, 0% used [0x00000007d7ad0000,0x00000007d7ad0000,0x00000007d8360000)
 ParOldGen       total 86848K, used 9310K [0x0000000780c00000, 0x00000007860d0000, 0x00000007d5960000)
  object space 86848K, 10% used [0x0000000780c00000,0x00000007815178f0,0x00000007860d0000)
 PSPermGen       total 21248K, used 18254K [0x000000077ba00000, 0x000000077cec0000, 0x0000000780c00000)
  object space 21248K, 85% used [0x000000077ba00000,0x000000077cbd3b08,0x000000077cec0000)
Event: 259.450 GC heap after
Heap after GC invocations=16 (full 0):
 PSYoungGen      total 32576K, used 736K [0x00000007d5960000, 0x00000007d8240000, 0x0000000800000000)
  eden space 24960K, 0% used [0x00000007d5960000,0x00000007d5960000,0x00000007d71c0000)
  from space 7616K, 9% used [0x00000007d7ad0000,0x00000007d7b88000,0x00000007d8240000)
  to   space 8448K, 0% used [0x00000007d71c0000,0x00000007d71c0000,0x00000007d7a00000)
 ParOldGen       total 86848K, used 9326K [0x0000000780c00000, 0x00000007860d0000, 0x00000007d5960000)
  object space 86848K, 10% used [0x0000000780c00000,0x000000078151b8f0,0x00000007860d0000)
 PSPermGen       total 21248K, used 18254K [0x000000077ba00000, 0x000000077cec0000, 0x0000000780c00000)
  object space 21248K, 85% used [0x000000077ba00000,0x000000077cbd3b08,0x000000077cec0000)
}
Event: 278.181 GC heap before
{Heap before GC invocations=17 (full 0):
 PSYoungGen      total 32576K, used 25696K [0x00000007d5960000, 0x00000007d8240000, 0x0000000800000000)
  eden space 24960K, 100% used [0x00000007d5960000,0x00000007d71c0000,0x00000007d71c0000)
  from space 7616K, 9% used [0x00000007d7ad0000,0x00000007d7b88000,0x00000007d8240000)
  to   space 8448K, 0% used [0x00000007d71c0000,0x00000007d71c0000,0x00000007d7a00000)
 ParOldGen       total 86848K, used 9326K [0x0000000780c00000, 0x00000007860d0000, 0x00000007d5960000)
  object space 86848K, 10% used [0x0000000780c00000,0x000000078151b8f0,0x00000007860d0000)
 PSPermGen       total 21248K, used 18255K [0x000000077ba00000, 0x000000077cec0000, 0x0000000780c00000)
  object space 21248K, 85% used [0x000000077ba00000,0x000000077cbd3f88,0x000000077cec0000)
Event: 278.188 GC heap after
Heap after GC invocations=17 (full 0):
 PSYoungGen      total 25088K, used 640K [0x00000007d5960000, 0x00000007d8140000, 0x0000000800000000)
  eden space 24448K, 0% used [0x00000007d5960000,0x00000007d5960000,0x00000007d7140000)
  from space 640K, 100% used [0x00000007d71c0000,0x00000007d7260000,0x00000007d7260000)
  to   space 8192K, 0% used [0x00000007d7940000,0x00000007d7940000,0x00000007d8140000)
 ParOldGen       total 86848K, used 9342K [0x0000000780c00000, 0x00000007860d0000, 0x00000007d5960000)
  object space 86848K, 10% used [0x0000000780c00000,0x000000078151f8f0,0x00000007860d0000)
 PSPermGen       total 21248K, used 18255K [0x000000077ba00000, 0x000000077cec0000, 0x0000000780c00000)
  object space 21248K, 85% used [0x000000077ba00000,0x000000077cbd3f88,0x000000077cec0000)
}
Event: 296.683 GC heap before
{Heap before GC invocations=18 (full 0):
 PSYoungGen      total 25088K, used 25088K [0x00000007d5960000, 0x00000007d8140000, 0x0000000800000000)
  eden space 24448K, 100% used [0x00000007d5960000,0x00000007d7140000,0x00000007d7140000)
  from space 640K, 100% used [0x00000007d71c0000,0x00000007d7260000,0x00000007d7260000)
  to   space 8192K, 0% used [0x00000007d7940000,0x00000007d7940000,0x00000007d8140000)
 ParOldGen       total 86848K, used 9342K [0x0000000780c00000, 0x00000007860d0000, 0x00000007d5960000)
  object space 86848K, 10% used [0x0000000780c00000,0x000000078151f8f0,0x00000007860d0000)
 PSPermGen       total 21248K, used 18260K [0x000000077ba00000, 0x000000077cec0000, 0x0000000780c00000)
  object space 21248K, 85% used [0x000000077ba00000,0x000000077cbd5228,0x000000077cec0000)
Event: 296.692 GC heap after
Heap after GC invocations=18 (full 0):
 PSYoungGen      total 30976K, used 608K [0x00000007d5960000, 0x00000007d8020000, 0x0000000800000000)
  eden space 23936K, 0% used [0x00000007d5960000,0x00000007d5960000,0x00000007d70c0000)
  from space 7040K, 8% used [0x00000007d7940000,0x00000007d79d8000,0x00000007d8020000)
  to   space 7872K, 0% used [0x00000007d70c0000,0x00000007d70c0000,0x00000007d7870000)
 ParOldGen       total 86848K, used 9358K [0x0000000780c00000, 0x00000007860d0000, 0x00000007d5960000)
  object space 86848K, 10% used [0x0000000780c00000,0x00000007815238f0,0x00000007860d0000)
 PSPermGen       total 21248K, used 18260K [0x000000077ba00000, 0x000000077cec0000, 0x0000000780c00000)
  object space 21248K, 85% used [0x000000077ba00000,0x000000077cbd5228,0x000000077cec0000)
}

