# JRE version: 7.0_17-b02
# Java VM: Java HotSpot(TM) 64-Bit Server VM (23.7-b01 mixed mode windows-amd64 compressed oops)
Heap
 PSYoungGen      total 38016K, used 9535K [0x00000007d5960000, 0x00000007d83c0000, 0x0000000800000000)
  eden space 32640K, 12% used [0x00000007d5960000,0x00000007d5d74a90,0x00000007d7940000)
  from space 5376K, 99% used [0x00000007d7e80000,0x00000007d83bb480,0x00000007d83c0000)
  to   space 5376K, 0% used [0x00000007d7940000,0x00000007d7940000,0x00000007d7e80000)
 ParOldGen       total 86848K, used 20657K [0x0000000780c00000, 0x00000007860d0000, 0x00000007d5960000)
  object space 86848K, 23% used [0x0000000780c00000,0x000000078202c5f8,0x00000007860d0000)
 PSPermGen       total 35776K, used 30028K [0x000000077ba00000, 0x000000077dcf0000, 0x0000000780c00000)
  object space 35776K, 83% used [0x000000077ba00000,0x000000077d753090,0x000000077dcf0000)
GC Heap History (10 events):
Event: 2.970 GC heap before
{Heap before GC invocations=1 (full 0):
 PSYoungGen      total 38016K, used 32640K [0x00000007d5960000, 0x00000007d83c0000, 0x0000000800000000)
  eden space 32640K, 100% used [0x00000007d5960000,0x00000007d7940000,0x00000007d7940000)
  from space 5376K, 0% used [0x00000007d7e80000,0x00000007d7e80000,0x00000007d83c0000)
  to   space 5376K, 0% used [0x00000007d7940000,0x00000007d7940000,0x00000007d7e80000)
 ParOldGen       total 86848K, used 0K [0x0000000780c00000, 0x00000007860d0000, 0x00000007d5960000)
  object space 86848K, 0% used [0x0000000780c00000,0x0000000780c00000,0x00000007860d0000)
 PSPermGen       total 21248K, used 14234K [0x000000077ba00000, 0x000000077cec0000, 0x0000000780c00000)
  object space 21248K, 66% used [0x000000077ba00000,0x000000077c7e6980,0x000000077cec0000)
Event: 2.978 GC heap after
Heap after GC invocations=1 (full 0):
 PSYoungGen      total 38016K, used 5370K [0x00000007d5960000, 0x00000007d83c0000, 0x0000000800000000)
  eden space 32640K, 0% used [0x00000007d5960000,0x00000007d5960000,0x00000007d7940000)
  from space 5376K, 99% used [0x00000007d7940000,0x00000007d7e7eb10,0x00000007d7e80000)
  to   space 5376K, 0% used [0x00000007d7e80000,0x00000007d7e80000,0x00000007d83c0000)
 ParOldGen       total 86848K, used 925K [0x0000000780c00000, 0x00000007860d0000, 0x00000007d5960000)
  object space 86848K, 1% used [0x0000000780c00000,0x0000000780ce7450,0x00000007860d0000)
 PSPermGen       total 21248K, used 14234K [0x000000077ba00000, 0x000000077cec0000, 0x0000000780c00000)
  object space 21248K, 66% used [0x000000077ba00000,0x000000077c7e6980,0x000000077cec0000)
}
Event: 5.056 GC heap before
{Heap before GC invocations=2 (full 0):
 PSYoungGen      total 38016K, used 26801K [0x00000007d5960000, 0x00000007d83c0000, 0x0000000800000000)
  eden space 32640K, 65% used [0x00000007d5960000,0x00000007d6e4da78,0x00000007d7940000)
  from space 5376K, 99% used [0x00000007d7940000,0x00000007d7e7eb10,0x00000007d7e80000)
  to   space 5376K, 0% used [0x00000007d7e80000,0x00000007d7e80000,0x00000007d83c0000)
 ParOldGen       total 86848K, used 925K [0x0000000780c00000, 0x00000007860d0000, 0x00000007d5960000)
  object space 86848K, 1% used [0x0000000780c00000,0x0000000780ce7450,0x00000007860d0000)
 PSPermGen       total 21248K, used 17612K [0x000000077ba00000, 0x000000077cec0000, 0x0000000780c00000)
  object space 21248K, 82% used [0x000000077ba00000,0x000000077cb33100,0x000000077cec0000)
Event: 5.064 GC heap after
Heap after GC invocations=2 (full 0):
 PSYoungGen      total 38016K, used 5360K [0x00000007d5960000, 0x00000007d83c0000, 0x0000000800000000)
  eden space 32640K, 0% used [0x00000007d5960000,0x00000007d5960000,0x00000007d7940000)
  from space 5376K, 99% used [0x00000007d7e80000,0x00000007d83bc280,0x00000007d83c0000)
  to   space 5376K, 0% used [0x00000007d7940000,0x00000007d7940000,0x00000007d7e80000)
 ParOldGen       total 86848K, used 4624K [0x0000000780c00000, 0x00000007860d0000, 0x00000007d5960000)
  object space 86848K, 5% used [0x0000000780c00000,0x0000000781084068,0x00000007860d0000)
 PSPermGen       total 21248K, used 17612K [0x000000077ba00000, 0x000000077cec0000, 0x0000000780c00000)
  object space 21248K, 82% used [0x000000077ba00000,0x000000077cb33100,0x000000077cec0000)
}
Event: 5.064 GC heap before
{Heap before GC invocations=3 (full 1):
 PSYoungGen      total 38016K, used 5360K [0x00000007d5960000, 0x00000007d83c0000, 0x0000000800000000)
  eden space 32640K, 0% used [0x00000007d5960000,0x00000007d5960000,0x00000007d7940000)
  from space 5376K, 99% used [0x00000007d7e80000,0x00000007d83bc280,0x00000007d83c0000)
  to   space 5376K, 0% used [0x00000007d7940000,0x00000007d7940000,0x00000007d7e80000)
 ParOldGen       total 86848K, used 4624K [0x0000000780c00000, 0x00000007860d0000, 0x00000007d5960000)
  object space 86848K, 5% used [0x0000000780c00000,0x0000000781084068,0x00000007860d0000)
 PSPermGen       total 21248K, used 17612K [0x000000077ba00000, 0x000000077cec0000, 0x0000000780c00000)
  object space 21248K, 82% used [0x000000077ba00000,0x000000077cb33100,0x000000077cec0000)
Event: 5.101 GC heap after
Heap after GC invocations=3 (full 1):
 PSYoungGen      total 38016K, used 0K [0x00000007d5960000, 0x00000007d83c0000, 0x0000000800000000)
  eden space 32640K, 0% used [0x00000007d5960000,0x00000007d5960000,0x00000007d7940000)
  from space 5376K, 0% used [0x00000007d7e80000,0x00000007d7e80000,0x00000007d83c0000)
  to   space 5376K, 0% used [0x00000007d7940000,0x00000007d7940000,0x00000007d7e80000)
 ParOldGen       total 86848K, used 8732K [0x0000000780c00000, 0x00000007860d0000, 0x00000007d5960000)
  object space 86848K, 10% used [0x0000000780c00000,0x0000000781487040,0x00000007860d0000)
 PSPermGen       total 35776K, used 17607K [0x000000077ba00000, 0x000000077dcf0000, 0x0000000780c00000)
  object space 35776K, 49% used [0x000000077ba00000,0x000000077cb31dd0,0x000000077dcf0000)
}
Event: 5.704 GC heap before
{Heap before GC invocations=4 (full 1):
 PSYoungGen      total 38016K, used 32640K [0x00000007d5960000, 0x00000007d83c0000, 0x0000000800000000)
  eden space 32640K, 100% used [0x00000007d5960000,0x00000007d7940000,0x00000007d7940000)
  from space 5376K, 0% used [0x00000007d7e80000,0x00000007d7e80000,0x00000007d83c0000)
  to   space 5376K, 0% used [0x00000007d7940000,0x00000007d7940000,0x00000007d7e80000)
 ParOldGen       total 86848K, used 8732K [0x0000000780c00000, 0x00000007860d0000, 0x00000007d5960000)
  object space 86848K, 10% used [0x0000000780c00000,0x0000000781487040,0x00000007860d0000)
 PSPermGen       total 35776K, used 21393K [0x000000077ba00000, 0x000000077dcf0000, 0x0000000780c00000)
  object space 35776K, 59% used [0x000000077ba00000,0x000000077cee45a0,0x000000077dcf0000)
Event: 5.709 GC heap after
Heap after GC invocations=4 (full 1):
 PSYoungGen      total 38016K, used 3859K [0x00000007d5960000, 0x00000007d83c0000, 0x0000000800000000)
  eden space 32640K, 0% used [0x00000007d5960000,0x00000007d5960000,0x00000007d7940000)
  from space 5376K, 71% used [0x00000007d7940000,0x00000007d7d04d88,0x00000007d7e80000)
  to   space 5376K, 0% used [0x00000007d7e80000,0x00000007d7e80000,0x00000007d83c0000)
 ParOldGen       total 86848K, used 15977K [0x0000000780c00000, 0x00000007860d0000, 0x00000007d5960000)
  object space 86848K, 18% used [0x0000000780c00000,0x0000000781b9a470,0x00000007860d0000)
 PSPermGen       total 35776K, used 21393K [0x000000077ba00000, 0x000000077dcf0000, 0x0000000780c00000)
  object space 35776K, 59% used [0x000000077ba00000,0x000000077cee45a0,0x000000077dcf0000)
}
Event: 30.878 GC heap before
{Heap before GC invocations=5 (full 1):
 PSYoungGen      total 38016K, used 36004K [0x00000007d5960000, 0x00000007d83c0000, 0x0000000800000000)
  eden space 32640K, 98% used [0x00000007d5960000,0x00000007d78c42a8,0x00000007d7940000)
  from space 5376K, 71% used [0x00000007d7940000,0x00000007d7d04d88,0x00000007d7e80000)
  to   space 5376K, 0% used [0x00000007d7e80000,0x00000007d7e80000,0x00000007d83c0000)
 ParOldGen       total 86848K, used 15977K [0x0000000780c00000, 0x00000007860d0000, 0x00000007d5960000)
  object space 86848K, 18% used [0x0000000780c00000,0x0000000781b9a470,0x00000007860d0000)
 PSPermGen       total 35776K, used 30002K [0x000000077ba00000, 0x000000077dcf0000, 0x0000000780c00000)
  object space 35776K, 83% used [0x000000077ba00000,0x000000077d74cbe8,0x000000077dcf0000)
Event: 30.886 GC heap after
Heap after GC invocations=5 (full 1):
 PSYoungGen      total 38016K, used 5357K [0x00000007d5960000, 0x00000007d83c0000, 0x0000000800000000)
  eden space 32640K, 0% used [0x00000007d5960000,0x00000007d5960000,0x00000007d7940000)
  from space 5376K, 99% used [0x00000007d7e80000,0x00000007d83bb480,0x00000007d83c0000)
  to   space 5376K, 0% used [0x00000007d7940000,0x00000007d7940000,0x00000007d7e80000)
 ParOldGen       total 86848K, used 20657K [0x0000000780c00000, 0x00000007860d0000, 0x00000007d5960000)
  object space 86848K, 23% used [0x0000000780c00000,0x000000078202c5f8,0x00000007860d0000)
 PSPermGen       total 35776K, used 30002K [0x000000077ba00000, 0x000000077dcf0000, 0x0000000780c00000)
  object space 35776K, 83% used [0x000000077ba00000,0x000000077d74cbe8,0x000000077dcf0000)
}

