# JRE version: 7.0_17-b02
# Java VM: Java HotSpot(TM) 64-Bit Server VM (23.7-b01 mixed mode windows-amd64 compressed oops)
Heap
 PSYoungGen      total 39808K, used 32612K [0x00000000ead60000, 0x00000000efac0000, 0x0000000100000000)
  eden space 32512K, 84% used [0x00000000ead60000,0x00000000ec839d80,0x00000000ecd20000)
  from space 7296K, 70% used [0x00000000ecd20000,0x00000000ed21f450,0x00000000ed440000)
  to   space 7104K, 0% used [0x00000000ef3d0000,0x00000000ef3d0000,0x00000000efac0000)
 ParOldGen       total 43392K, used 15249K [0x00000000c0800000, 0x00000000c3260000, 0x00000000ead60000)
  object space 43392K, 35% used [0x00000000c0800000,0x00000000c16e45a8,0x00000000c3260000)
 PSPermGen       total 28928K, used 28841K [0x00000000bb600000, 0x00000000bd240000, 0x00000000c0800000)
  object space 28928K, 99% used [0x00000000bb600000,0x00000000bd22a400,0x00000000bd240000)
GC Heap History (10 events):
Event: 7.226 GC heap before
{Heap before GC invocations=3 (full 0):
 PSYoungGen      total 18944K, used 18660K [0x00000000ead60000, 0x00000000ec280000, 0x0000000100000000)
  eden space 16256K, 98% used [0x00000000ead60000,0x00000000ebcff3d0,0x00000000ebd40000)
  from space 2688K, 99% used [0x00000000ebfe0000,0x00000000ec279e58,0x00000000ec280000)
  to   space 2688K, 0% used [0x00000000ebd40000,0x00000000ebd40000,0x00000000ebfe0000)
 ParOldGen       total 43392K, used 4480K [0x00000000c0800000, 0x00000000c3260000, 0x00000000ead60000)
  object space 43392K, 10% used [0x00000000c0800000,0x00000000c0c603b8,0x00000000c3260000)
 PSPermGen       total 21824K, used 21707K [0x00000000bb600000, 0x00000000bcb50000, 0x00000000c0800000)
  object space 21824K, 99% used [0x00000000bb600000,0x00000000bcb32c60,0x00000000bcb50000)
Event: 7.244 GC heap after
Heap after GC invocations=3 (full 0):
 PSYoungGen      total 18944K, used 2679K [0x00000000ead60000, 0x00000000ed260000, 0x0000000100000000)
  eden space 16256K, 0% used [0x00000000ead60000,0x00000000ead60000,0x00000000ebd40000)
  from space 2688K, 99% used [0x00000000ebd40000,0x00000000ebfdde78,0x00000000ebfe0000)
  to   space 2688K, 0% used [0x00000000ecfc0000,0x00000000ecfc0000,0x00000000ed260000)
 ParOldGen       total 43392K, used 9193K [0x00000000c0800000, 0x00000000c3260000, 0x00000000ead60000)
  object space 43392K, 21% used [0x00000000c0800000,0x00000000c10fa648,0x00000000c3260000)
 PSPermGen       total 21824K, used 21707K [0x00000000bb600000, 0x00000000bcb50000, 0x00000000c0800000)
  object space 21824K, 99% used [0x00000000bb600000,0x00000000bcb32c60,0x00000000bcb50000)
}
Event: 11.990 GC heap before
{Heap before GC invocations=4 (full 0):
 PSYoungGen      total 18944K, used 18935K [0x00000000ead60000, 0x00000000ed260000, 0x0000000100000000)
  eden space 16256K, 100% used [0x00000000ead60000,0x00000000ebd40000,0x00000000ebd40000)
  from space 2688K, 99% used [0x00000000ebd40000,0x00000000ebfdde78,0x00000000ebfe0000)
  to   space 2688K, 0% used [0x00000000ecfc0000,0x00000000ecfc0000,0x00000000ed260000)
 ParOldGen       total 43392K, used 9193K [0x00000000c0800000, 0x00000000c3260000, 0x00000000ead60000)
  object space 43392K, 21% used [0x00000000c0800000,0x00000000c10fa648,0x00000000c3260000)
 PSPermGen       total 23552K, used 23473K [0x00000000bb600000, 0x00000000bcd00000, 0x00000000c0800000)
  object space 23552K, 99% used [0x00000000bb600000,0x00000000bccec6b0,0x00000000bcd00000)
Event: 12.001 GC heap after
Heap after GC invocations=4 (full 0):
 PSYoungGen      total 18944K, used 2679K [0x00000000ead60000, 0x00000000ed260000, 0x0000000100000000)
  eden space 16256K, 0% used [0x00000000ead60000,0x00000000ead60000,0x00000000ebd40000)
  from space 2688K, 99% used [0x00000000ecfc0000,0x00000000ed25de98,0x00000000ed260000)
  to   space 2688K, 0% used [0x00000000ebd40000,0x00000000ebd40000,0x00000000ebfe0000)
 ParOldGen       total 43392K, used 12072K [0x00000000c0800000, 0x00000000c3260000, 0x00000000ead60000)
  object space 43392K, 27% used [0x00000000c0800000,0x00000000c13ca130,0x00000000c3260000)
 PSPermGen       total 23552K, used 23473K [0x00000000bb600000, 0x00000000bcd00000, 0x00000000c0800000)
  object space 23552K, 99% used [0x00000000bb600000,0x00000000bccec6b0,0x00000000bcd00000)
}
Event: 12.550 GC heap before
{Heap before GC invocations=5 (full 0):
 PSYoungGen      total 18944K, used 18140K [0x00000000ead60000, 0x00000000ed260000, 0x0000000100000000)
  eden space 16256K, 95% used [0x00000000ead60000,0x00000000ebc79348,0x00000000ebd40000)
  from space 2688K, 99% used [0x00000000ecfc0000,0x00000000ed25de98,0x00000000ed260000)
  to   space 2688K, 0% used [0x00000000ebd40000,0x00000000ebd40000,0x00000000ebfe0000)
 ParOldGen       total 43392K, used 12072K [0x00000000c0800000, 0x00000000c3260000, 0x00000000ead60000)
  object space 43392K, 27% used [0x00000000c0800000,0x00000000c13ca130,0x00000000c3260000)
 PSPermGen       total 24320K, used 24145K [0x00000000bb600000, 0x00000000bcdc0000, 0x00000000c0800000)
  object space 24320K, 99% used [0x00000000bb600000,0x00000000bcd94780,0x00000000bcdc0000)
Event: 12.559 GC heap after
Heap after GC invocations=5 (full 0):
 PSYoungGen      total 18944K, used 2674K [0x00000000ead60000, 0x00000000edbe0000, 0x0000000100000000)
  eden space 16256K, 0% used [0x00000000ead60000,0x00000000ead60000,0x00000000ebd40000)
  from space 2688K, 99% used [0x00000000ebd40000,0x00000000ebfdc858,0x00000000ebfe0000)
  to   space 7552K, 0% used [0x00000000ed480000,0x00000000ed480000,0x00000000edbe0000)
 ParOldGen       total 43392K, used 14041K [0x00000000c0800000, 0x00000000c3260000, 0x00000000ead60000)
  object space 43392K, 32% used [0x00000000c0800000,0x00000000c15b6730,0x00000000c3260000)
 PSPermGen       total 24320K, used 24145K [0x00000000bb600000, 0x00000000bcdc0000, 0x00000000c0800000)
  object space 24320K, 99% used [0x00000000bb600000,0x00000000bcd94780,0x00000000bcdc0000)
}
Event: 12.834 GC heap before
{Heap before GC invocations=6 (full 0):
 PSYoungGen      total 18944K, used 16697K [0x00000000ead60000, 0x00000000edbe0000, 0x0000000100000000)
  eden space 16256K, 86% used [0x00000000ead60000,0x00000000ebb11d98,0x00000000ebd40000)
  from space 2688K, 99% used [0x00000000ebd40000,0x00000000ebfdc858,0x00000000ebfe0000)
  to   space 7552K, 0% used [0x00000000ed480000,0x00000000ed480000,0x00000000edbe0000)
 ParOldGen       total 43392K, used 14041K [0x00000000c0800000, 0x00000000c3260000, 0x00000000ead60000)
  object space 43392K, 32% used [0x00000000c0800000,0x00000000c15b6730,0x00000000c3260000)
 PSPermGen       total 24320K, used 24191K [0x00000000bb600000, 0x00000000bcdc0000, 0x00000000c0800000)
  object space 24320K, 99% used [0x00000000bb600000,0x00000000bcd9ffe0,0x00000000bcdc0000)
Event: 12.843 GC heap after
Heap after GC invocations=6 (full 0):
 PSYoungGen      total 39552K, used 5282K [0x00000000ead60000, 0x00000000edb60000, 0x0000000100000000)
  eden space 32512K, 0% used [0x00000000ead60000,0x00000000ead60000,0x00000000ecd20000)
  from space 7040K, 75% used [0x00000000ed480000,0x00000000ed9a8b28,0x00000000edb60000)
  to   space 7296K, 0% used [0x00000000ecd20000,0x00000000ecd20000,0x00000000ed440000)
 ParOldGen       total 43392K, used 14041K [0x00000000c0800000, 0x00000000c3260000, 0x00000000ead60000)
  object space 43392K, 32% used [0x00000000c0800000,0x00000000c15b6730,0x00000000c3260000)
 PSPermGen       total 24320K, used 24191K [0x00000000bb600000, 0x00000000bcdc0000, 0x00000000c0800000)
  object space 24320K, 99% used [0x00000000bb600000,0x00000000bcd9ffe0,0x00000000bcdc0000)
}
Event: 18.639 GC heap before
{Heap before GC invocations=7 (full 0):
 PSYoungGen      total 39552K, used 37794K [0x00000000ead60000, 0x00000000edb60000, 0x0000000100000000)
  eden space 32512K, 100% used [0x00000000ead60000,0x00000000ecd20000,0x00000000ecd20000)
  from space 7040K, 75% used [0x00000000ed480000,0x00000000ed9a8b28,0x00000000edb60000)
  to   space 7296K, 0% used [0x00000000ecd20000,0x00000000ecd20000,0x00000000ed440000)
 ParOldGen       total 43392K, used 14041K [0x00000000c0800000, 0x00000000c3260000, 0x00000000ead60000)
  object space 43392K, 32% used [0x00000000c0800000,0x00000000c15b6730,0x00000000c3260000)
 PSPermGen       total 26048K, used 25946K [0x00000000bb600000, 0x00000000bcf70000, 0x00000000c0800000)
  object space 26048K, 99% used [0x00000000bb600000,0x00000000bcf56990,0x00000000bcf70000)
Event: 18.652 GC heap after
Heap after GC invocations=7 (full 0):
 PSYoungGen      total 39808K, used 5117K [0x00000000ead60000, 0x00000000efac0000, 0x0000000100000000)
  eden space 32512K, 0% used [0x00000000ead60000,0x00000000ead60000,0x00000000ecd20000)
  from space 7296K, 70% used [0x00000000ecd20000,0x00000000ed21f450,0x00000000ed440000)
  to   space 7104K, 0% used [0x00000000ef3d0000,0x00000000ef3d0000,0x00000000efac0000)
 ParOldGen       total 43392K, used 15249K [0x00000000c0800000, 0x00000000c3260000, 0x00000000ead60000)
  object space 43392K, 35% used [0x00000000c0800000,0x00000000c16e45a8,0x00000000c3260000)
 PSPermGen       total 26048K, used 25946K [0x00000000bb600000, 0x00000000bcf70000, 0x00000000c0800000)
  object space 26048K, 99% used [0x00000000bb600000,0x00000000bcf56990,0x00000000bcf70000)
}

