# JRE version: 7.0_17-b02
# Java VM: Java HotSpot(TM) 64-Bit Server VM (23.7-b01 mixed mode windows-amd64 compressed oops)
Heap
 PSYoungGen      total 38016K, used 8554K [0x00000007d5960000, 0x00000007d83c0000, 0x0000000800000000)
  eden space 32640K, 9% used [0x00000007d5960000,0x00000007d5c7fef8,0x00000007d7940000)
  from space 5376K, 99% used [0x00000007d7e80000,0x00000007d83ba938,0x00000007d83c0000)
  to   space 5376K, 0% used [0x00000007d7940000,0x00000007d7940000,0x00000007d7e80000)
 ParOldGen       total 86848K, used 3369K [0x0000000780c00000, 0x00000007860d0000, 0x00000007d5960000)
  object space 86848K, 3% used [0x0000000780c00000,0x0000000780f4a7d8,0x00000007860d0000)
 PSPermGen       total 21248K, used 17731K [0x000000077ba00000, 0x000000077cec0000, 0x0000000780c00000)
  object space 21248K, 83% used [0x000000077ba00000,0x000000077cb50dd8,0x000000077cec0000)
GC Heap History (8 events):
Event: 7.026 GC heap before
{Heap before GC invocations=1 (full 0):
 PSYoungGen      total 38016K, used 32640K [0x00000007d5960000, 0x00000007d83c0000, 0x0000000800000000)
  eden space 32640K, 100% used [0x00000007d5960000,0x00000007d7940000,0x00000007d7940000)
  from space 5376K, 0% used [0x00000007d7e80000,0x00000007d7e80000,0x00000007d83c0000)
  to   space 5376K, 0% used [0x00000007d7940000,0x00000007d7940000,0x00000007d7e80000)
 ParOldGen       total 86848K, used 0K [0x0000000780c00000, 0x00000007860d0000, 0x00000007d5960000)
  object space 86848K, 0% used [0x0000000780c00000,0x0000000780c00000,0x00000007860d0000)
 PSPermGen       total 21248K, used 16786K [0x000000077ba00000, 0x000000077cec0000, 0x0000000780c00000)
  object space 21248K, 79% used [0x000000077ba00000,0x000000077ca64ad8,0x000000077cec0000)
Event: 7.050 GC heap after
Heap after GC invocations=1 (full 0):
 PSYoungGen      total 38016K, used 4381K [0x00000007d5960000, 0x00000007d83c0000, 0x0000000800000000)
  eden space 32640K, 0% used [0x00000007d5960000,0x00000007d5960000,0x00000007d7940000)
  from space 5376K, 81% used [0x00000007d7940000,0x00000007d7d877d8,0x00000007d7e80000)
  to   space 5376K, 0% used [0x00000007d7e80000,0x00000007d7e80000,0x00000007d83c0000)
 ParOldGen       total 86848K, used 8K [0x0000000780c00000, 0x00000007860d0000, 0x00000007d5960000)
  object space 86848K, 0% used [0x0000000780c00000,0x0000000780c02000,0x00000007860d0000)
 PSPermGen       total 21248K, used 16786K [0x000000077ba00000, 0x000000077cec0000, 0x0000000780c00000)
  object space 21248K, 79% used [0x000000077ba00000,0x000000077ca64ad8,0x000000077cec0000)
}
Event: 17.085 GC heap before
{Heap before GC invocations=2 (full 0):
 PSYoungGen      total 38016K, used 37021K [0x00000007d5960000, 0x00000007d83c0000, 0x0000000800000000)
  eden space 32640K, 100% used [0x00000007d5960000,0x00000007d7940000,0x00000007d7940000)
  from space 5376K, 81% used [0x00000007d7940000,0x00000007d7d877d8,0x00000007d7e80000)
  to   space 5376K, 0% used [0x00000007d7e80000,0x00000007d7e80000,0x00000007d83c0000)
 ParOldGen       total 86848K, used 8K [0x0000000780c00000, 0x00000007860d0000, 0x00000007d5960000)
  object space 86848K, 0% used [0x0000000780c00000,0x0000000780c02000,0x00000007860d0000)
 PSPermGen       total 21248K, used 17319K [0x000000077ba00000, 0x000000077cec0000, 0x0000000780c00000)
  object space 21248K, 81% used [0x000000077ba00000,0x000000077cae9ed8,0x000000077cec0000)
Event: 17.106 GC heap after
Heap after GC invocations=2 (full 0):
 PSYoungGen      total 38016K, used 5351K [0x00000007d5960000, 0x00000007d83c0000, 0x0000000800000000)
  eden space 32640K, 0% used [0x00000007d5960000,0x00000007d5960000,0x00000007d7940000)
  from space 5376K, 99% used [0x00000007d7e80000,0x00000007d83b9df0,0x00000007d83c0000)
  to   space 5376K, 0% used [0x00000007d7940000,0x00000007d7940000,0x00000007d7e80000)
 ParOldGen       total 86848K, used 2346K [0x0000000780c00000, 0x00000007860d0000, 0x00000007d5960000)
  object space 86848K, 2% used [0x0000000780c00000,0x0000000780e4aa70,0x00000007860d0000)
 PSPermGen       total 21248K, used 17319K [0x000000077ba00000, 0x000000077cec0000, 0x0000000780c00000)
  object space 21248K, 81% used [0x000000077ba00000,0x000000077cae9ed8,0x000000077cec0000)
}
Event: 26.301 GC heap before
{Heap before GC invocations=3 (full 0):
 PSYoungGen      total 38016K, used 37991K [0x00000007d5960000, 0x00000007d83c0000, 0x0000000800000000)
  eden space 32640K, 100% used [0x00000007d5960000,0x00000007d7940000,0x00000007d7940000)
  from space 5376K, 99% used [0x00000007d7e80000,0x00000007d83b9df0,0x00000007d83c0000)
  to   space 5376K, 0% used [0x00000007d7940000,0x00000007d7940000,0x00000007d7e80000)
 ParOldGen       total 86848K, used 2346K [0x0000000780c00000, 0x00000007860d0000, 0x00000007d5960000)
  object space 86848K, 2% used [0x0000000780c00000,0x0000000780e4aa70,0x00000007860d0000)
 PSPermGen       total 21248K, used 17618K [0x000000077ba00000, 0x000000077cec0000, 0x0000000780c00000)
  object space 21248K, 82% used [0x000000077ba00000,0x000000077cb34948,0x000000077cec0000)
Event: 26.316 GC heap after
Heap after GC invocations=3 (full 0):
 PSYoungGen      total 38016K, used 5368K [0x00000007d5960000, 0x00000007d83c0000, 0x0000000800000000)
  eden space 32640K, 0% used [0x00000007d5960000,0x00000007d5960000,0x00000007d7940000)
  from space 5376K, 99% used [0x00000007d7940000,0x00000007d7e7e1d8,0x00000007d7e80000)
  to   space 5376K, 0% used [0x00000007d7e80000,0x00000007d7e80000,0x00000007d83c0000)
 ParOldGen       total 86848K, used 3085K [0x0000000780c00000, 0x00000007860d0000, 0x00000007d5960000)
  object space 86848K, 3% used [0x0000000780c00000,0x0000000780f037c8,0x00000007860d0000)
 PSPermGen       total 21248K, used 17618K [0x000000077ba00000, 0x000000077cec0000, 0x0000000780c00000)
  object space 21248K, 82% used [0x000000077ba00000,0x000000077cb34948,0x000000077cec0000)
}
Event: 38.277 GC heap before
{Heap before GC invocations=4 (full 0):
 PSYoungGen      total 38016K, used 38008K [0x00000007d5960000, 0x00000007d83c0000, 0x0000000800000000)
  eden space 32640K, 100% used [0x00000007d5960000,0x00000007d7940000,0x00000007d7940000)
  from space 5376K, 99% used [0x00000007d7940000,0x00000007d7e7e1d8,0x00000007d7e80000)
  to   space 5376K, 0% used [0x00000007d7e80000,0x00000007d7e80000,0x00000007d83c0000)
 ParOldGen       total 86848K, used 3085K [0x0000000780c00000, 0x00000007860d0000, 0x00000007d5960000)
  object space 86848K, 3% used [0x0000000780c00000,0x0000000780f037c8,0x00000007860d0000)
 PSPermGen       total 21248K, used 17726K [0x000000077ba00000, 0x000000077cec0000, 0x0000000780c00000)
  object space 21248K, 83% used [0x000000077ba00000,0x000000077cb4fa90,0x000000077cec0000)
Event: 38.293 GC heap after
Heap after GC invocations=4 (full 0):
 PSYoungGen      total 38016K, used 5354K [0x00000007d5960000, 0x00000007d83c0000, 0x0000000800000000)
  eden space 32640K, 0% used [0x00000007d5960000,0x00000007d5960000,0x00000007d7940000)
  from space 5376K, 99% used [0x00000007d7e80000,0x00000007d83ba938,0x00000007d83c0000)
  to   space 5376K, 0% used [0x00000007d7940000,0x00000007d7940000,0x00000007d7e80000)
 ParOldGen       total 86848K, used 3369K [0x0000000780c00000, 0x00000007860d0000, 0x00000007d5960000)
  object space 86848K, 3% used [0x0000000780c00000,0x0000000780f4a7d8,0x00000007860d0000)
 PSPermGen       total 21248K, used 17726K [0x000000077ba00000, 0x000000077cec0000, 0x0000000780c00000)
  object space 21248K, 83% used [0x000000077ba00000,0x000000077cb4fa90,0x000000077cec0000)
}

