# JRE version: 7.0_17-b02
# Java VM: Java HotSpot(TM) 64-Bit Server VM (23.7-b01 mixed mode windows-amd64 compressed oops)
Heap
 PSYoungGen      total 70656K, used 14315K [0x00000007d5960000, 0x00000007da3a0000, 0x0000000800000000)
  eden space 65280K, 13% used [0x00000007d5960000,0x00000007d6221520,0x00000007d9920000)
  from space 5376K, 99% used [0x00000007d9e60000,0x00000007da399840,0x00000007da3a0000)
  to   space 5376K, 0% used [0x00000007d9920000,0x00000007d9920000,0x00000007d9e60000)
 ParOldGen       total 86848K, used 19710K [0x0000000780c00000, 0x00000007860d0000, 0x00000007d5960000)
  object space 86848K, 22% used [0x0000000780c00000,0x0000000781f3fbe8,0x00000007860d0000)
 PSPermGen       total 35776K, used 29940K [0x000000077ba00000, 0x000000077dcf0000, 0x0000000780c00000)
  object space 35776K, 83% used [0x000000077ba00000,0x000000077d73d008,0x000000077dcf0000)
GC Heap History (10 events):
Event: 3.001 GC heap before
{Heap before GC invocations=1 (full 0):
 PSYoungGen      total 38016K, used 32640K [0x00000007d5960000, 0x00000007d83c0000, 0x0000000800000000)
  eden space 32640K, 100% used [0x00000007d5960000,0x00000007d7940000,0x00000007d7940000)
  from space 5376K, 0% used [0x00000007d7e80000,0x00000007d7e80000,0x00000007d83c0000)
  to   space 5376K, 0% used [0x00000007d7940000,0x00000007d7940000,0x00000007d7e80000)
 ParOldGen       total 86848K, used 0K [0x0000000780c00000, 0x00000007860d0000, 0x00000007d5960000)
  object space 86848K, 0% used [0x0000000780c00000,0x0000000780c00000,0x00000007860d0000)
 PSPermGen       total 21248K, used 14234K [0x000000077ba00000, 0x000000077cec0000, 0x0000000780c00000)
  object space 21248K, 66% used [0x000000077ba00000,0x000000077c7e6980,0x000000077cec0000)
Event: 3.021 GC heap after
Heap after GC invocations=1 (full 0):
 PSYoungGen      total 38016K, used 5354K [0x00000007d5960000, 0x00000007d83c0000, 0x0000000800000000)
  eden space 32640K, 0% used [0x00000007d5960000,0x00000007d5960000,0x00000007d7940000)
  from space 5376K, 99% used [0x00000007d7940000,0x00000007d7e7ab00,0x00000007d7e80000)
  to   space 5376K, 0% used [0x00000007d7e80000,0x00000007d7e80000,0x00000007d83c0000)
 ParOldGen       total 86848K, used 925K [0x0000000780c00000, 0x00000007860d0000, 0x00000007d5960000)
  object space 86848K, 1% used [0x0000000780c00000,0x0000000780ce7450,0x00000007860d0000)
 PSPermGen       total 21248K, used 14234K [0x000000077ba00000, 0x000000077cec0000, 0x0000000780c00000)
  object space 21248K, 66% used [0x000000077ba00000,0x000000077c7e6980,0x000000077cec0000)
}
Event: 4.779 GC heap before
{Heap before GC invocations=2 (full 0):
 PSYoungGen      total 38016K, used 26762K [0x00000007d5960000, 0x00000007d83c0000, 0x0000000800000000)
  eden space 32640K, 65% used [0x00000007d5960000,0x00000007d6e47e20,0x00000007d7940000)
  from space 5376K, 99% used [0x00000007d7940000,0x00000007d7e7ab00,0x00000007d7e80000)
  to   space 5376K, 0% used [0x00000007d7e80000,0x00000007d7e80000,0x00000007d83c0000)
 ParOldGen       total 86848K, used 925K [0x0000000780c00000, 0x00000007860d0000, 0x00000007d5960000)
  object space 86848K, 1% used [0x0000000780c00000,0x0000000780ce7450,0x00000007860d0000)
 PSPermGen       total 21248K, used 17614K [0x000000077ba00000, 0x000000077cec0000, 0x0000000780c00000)
  object space 21248K, 82% used [0x000000077ba00000,0x000000077cb33910,0x000000077cec0000)
Event: 4.787 GC heap after
Heap after GC invocations=2 (full 0):
 PSYoungGen      total 38016K, used 5362K [0x00000007d5960000, 0x00000007d83c0000, 0x0000000800000000)
  eden space 32640K, 0% used [0x00000007d5960000,0x00000007d5960000,0x00000007d7940000)
  from space 5376K, 99% used [0x00000007d7e80000,0x00000007d83bca50,0x00000007d83c0000)
  to   space 5376K, 0% used [0x00000007d7940000,0x00000007d7940000,0x00000007d7e80000)
 ParOldGen       total 86848K, used 4569K [0x0000000780c00000, 0x00000007860d0000, 0x00000007d5960000)
  object space 86848K, 5% used [0x0000000780c00000,0x00000007810767d8,0x00000007860d0000)
 PSPermGen       total 21248K, used 17614K [0x000000077ba00000, 0x000000077cec0000, 0x0000000780c00000)
  object space 21248K, 82% used [0x000000077ba00000,0x000000077cb33910,0x000000077cec0000)
}
Event: 4.787 GC heap before
{Heap before GC invocations=3 (full 1):
 PSYoungGen      total 38016K, used 5362K [0x00000007d5960000, 0x00000007d83c0000, 0x0000000800000000)
  eden space 32640K, 0% used [0x00000007d5960000,0x00000007d5960000,0x00000007d7940000)
  from space 5376K, 99% used [0x00000007d7e80000,0x00000007d83bca50,0x00000007d83c0000)
  to   space 5376K, 0% used [0x00000007d7940000,0x00000007d7940000,0x00000007d7e80000)
 ParOldGen       total 86848K, used 4569K [0x0000000780c00000, 0x00000007860d0000, 0x00000007d5960000)
  object space 86848K, 5% used [0x0000000780c00000,0x00000007810767d8,0x00000007860d0000)
 PSPermGen       total 21248K, used 17614K [0x000000077ba00000, 0x000000077cec0000, 0x0000000780c00000)
  object space 21248K, 82% used [0x000000077ba00000,0x000000077cb33910,0x000000077cec0000)
Event: 4.818 GC heap after
Heap after GC invocations=3 (full 1):
 PSYoungGen      total 38016K, used 0K [0x00000007d5960000, 0x00000007d83c0000, 0x0000000800000000)
  eden space 32640K, 0% used [0x00000007d5960000,0x00000007d5960000,0x00000007d7940000)
  from space 5376K, 0% used [0x00000007d7e80000,0x00000007d7e80000,0x00000007d83c0000)
  to   space 5376K, 0% used [0x00000007d7940000,0x00000007d7940000,0x00000007d7e80000)
 ParOldGen       total 86848K, used 8731K [0x0000000780c00000, 0x00000007860d0000, 0x00000007d5960000)
  object space 86848K, 10% used [0x0000000780c00000,0x0000000781486ef8,0x00000007860d0000)
 PSPermGen       total 35776K, used 17609K [0x000000077ba00000, 0x000000077dcf0000, 0x0000000780c00000)
  object space 35776K, 49% used [0x000000077ba00000,0x000000077cb325e0,0x000000077dcf0000)
}
Event: 5.416 GC heap before
{Heap before GC invocations=4 (full 1):
 PSYoungGen      total 38016K, used 32640K [0x00000007d5960000, 0x00000007d83c0000, 0x0000000800000000)
  eden space 32640K, 100% used [0x00000007d5960000,0x00000007d7940000,0x00000007d7940000)
  from space 5376K, 0% used [0x00000007d7e80000,0x00000007d7e80000,0x00000007d83c0000)
  to   space 5376K, 0% used [0x00000007d7940000,0x00000007d7940000,0x00000007d7e80000)
 ParOldGen       total 86848K, used 8731K [0x0000000780c00000, 0x00000007860d0000, 0x00000007d5960000)
  object space 86848K, 10% used [0x0000000780c00000,0x0000000781486ef8,0x00000007860d0000)
 PSPermGen       total 35776K, used 21391K [0x000000077ba00000, 0x000000077dcf0000, 0x0000000780c00000)
  object space 35776K, 59% used [0x000000077ba00000,0x000000077cee3f60,0x000000077dcf0000)
Event: 5.441 GC heap after
Heap after GC invocations=4 (full 1):
 PSYoungGen      total 38016K, used 5352K [0x00000007d5960000, 0x00000007da3a0000, 0x0000000800000000)
  eden space 32640K, 0% used [0x00000007d5960000,0x00000007d5960000,0x00000007d7940000)
  from space 5376K, 99% used [0x00000007d7940000,0x00000007d7e7a2a0,0x00000007d7e80000)
  to   space 5376K, 0% used [0x00000007d9e60000,0x00000007d9e60000,0x00000007da3a0000)
 ParOldGen       total 86848K, used 16792K [0x0000000780c00000, 0x00000007860d0000, 0x00000007d5960000)
  object space 86848K, 19% used [0x0000000780c00000,0x0000000781c66138,0x00000007860d0000)
 PSPermGen       total 35776K, used 21391K [0x000000077ba00000, 0x000000077dcf0000, 0x0000000780c00000)
  object space 35776K, 59% used [0x000000077ba00000,0x000000077cee3f60,0x000000077dcf0000)
}
Event: 15.159 GC heap before
{Heap before GC invocations=5 (full 1):
 PSYoungGen      total 38016K, used 37992K [0x00000007d5960000, 0x00000007da3a0000, 0x0000000800000000)
  eden space 32640K, 100% used [0x00000007d5960000,0x00000007d7940000,0x00000007d7940000)
  from space 5376K, 99% used [0x00000007d7940000,0x00000007d7e7a2a0,0x00000007d7e80000)
  to   space 5376K, 0% used [0x00000007d9e60000,0x00000007d9e60000,0x00000007da3a0000)
 ParOldGen       total 86848K, used 16792K [0x0000000780c00000, 0x00000007860d0000, 0x00000007d5960000)
  object space 86848K, 19% used [0x0000000780c00000,0x0000000781c66138,0x00000007860d0000)
 PSPermGen       total 35776K, used 28403K [0x000000077ba00000, 0x000000077dcf0000, 0x0000000780c00000)
  object space 35776K, 79% used [0x000000077ba00000,0x000000077d5bcf48,0x000000077dcf0000)
Event: 15.165 GC heap after
Heap after GC invocations=5 (full 1):
 PSYoungGen      total 70656K, used 5350K [0x00000007d5960000, 0x00000007da3a0000, 0x0000000800000000)
  eden space 65280K, 0% used [0x00000007d5960000,0x00000007d5960000,0x00000007d9920000)
  from space 5376K, 99% used [0x00000007d9e60000,0x00000007da399840,0x00000007da3a0000)
  to   space 5376K, 0% used [0x00000007d9920000,0x00000007d9920000,0x00000007d9e60000)
 ParOldGen       total 86848K, used 19710K [0x0000000780c00000, 0x00000007860d0000, 0x00000007d5960000)
  object space 86848K, 22% used [0x0000000780c00000,0x0000000781f3fbe8,0x00000007860d0000)
 PSPermGen       total 35776K, used 28403K [0x000000077ba00000, 0x000000077dcf0000, 0x0000000780c00000)
  object space 35776K, 79% used [0x000000077ba00000,0x000000077d5bcf48,0x000000077dcf0000)
}

