# JRE version: 7.0_17-b02
# Java VM: Java HotSpot(TM) 64-Bit Server VM (23.7-b01 mixed mode windows-amd64 compressed oops)
Heap
 PSYoungGen      total 55808K, used 50304K [0x00000007d5960000, 0x00000007da5f0000, 0x0000000800000000)
  eden space 37376K, 100% used [0x00000007d5960000,0x00000007d7de0000,0x00000007d7de0000)
  from space 18432K, 70% used [0x00000007d7de0000,0x00000007d8a80040,0x00000007d8fe0000)
  to   space 18880K, 69% used [0x00000007d9380000,0x00000007da050040,0x00000007da5f0000)
 ParOldGen       total 129536K, used 86834K [0x0000000780c00000, 0x0000000788a80000, 0x00000007d5960000)
  object space 129536K, 67% used [0x0000000780c00000,0x00000007860cc928,0x0000000788a80000)
 PSPermGen       total 60736K, used 28865K [0x000000077ba00000, 0x000000077f550000, 0x0000000780c00000)
  object space 60736K, 47% used [0x000000077ba00000,0x000000077d630490,0x000000077f550000)
GC Heap History (10 events):
Event: 35.687 GC heap after
Heap after GC invocations=11 (full 2):
 PSYoungGen      total 47808K, used 10048K [0x00000007d5960000, 0x00000007da0c0000, 0x0000000800000000)
  eden space 30016K, 0% used [0x00000007d5960000,0x00000007d5960000,0x00000007d76b0000)
  from space 17792K, 56% used [0x00000007d76b0000,0x00000007d8080030,0x00000007d8810000)
  to   space 17536K, 0% used [0x00000007d8fa0000,0x00000007d8fa0000,0x00000007da0c0000)
 ParOldGen       total 129536K, used 86834K [0x0000000780c00000, 0x0000000788a80000, 0x00000007d5960000)
  object space 129536K, 67% used [0x0000000780c00000,0x00000007860cc928,0x0000000788a80000)
 PSPermGen       total 60736K, used 28430K [0x000000077ba00000, 0x000000077f550000, 0x0000000780c00000)
  object space 60736K, 46% used [0x000000077ba00000,0x000000077d5c3b00,0x000000077f550000)
}
Event: 45.429 GC heap before
{Heap before GC invocations=12 (full 2):
 PSYoungGen      total 47808K, used 40064K [0x00000007d5960000, 0x00000007da0c0000, 0x0000000800000000)
  eden space 30016K, 100% used [0x00000007d5960000,0x00000007d76b0000,0x00000007d76b0000)
  from space 17792K, 56% used [0x00000007d76b0000,0x00000007d8080030,0x00000007d8810000)
  to   space 17536K, 0% used [0x00000007d8fa0000,0x00000007d8fa0000,0x00000007da0c0000)
 ParOldGen       total 129536K, used 86834K [0x0000000780c00000, 0x0000000788a80000, 0x00000007d5960000)
  object space 129536K, 67% used [0x0000000780c00000,0x00000007860cc928,0x0000000788a80000)
 PSPermGen       total 60736K, used 28504K [0x000000077ba00000, 0x000000077f550000, 0x0000000780c00000)
  object space 60736K, 46% used [0x000000077ba00000,0x000000077d5d6028,0x000000077f550000)
Event: 45.436 GC heap after
Heap after GC invocations=12 (full 2):
 PSYoungGen      total 47872K, used 11008K [0x00000007d5960000, 0x00000007d9d20000, 0x0000000800000000)
  eden space 34048K, 0% used [0x00000007d5960000,0x00000007d5960000,0x00000007d7aa0000)
  from space 13824K, 79% used [0x00000007d8fa0000,0x00000007d9a60040,0x00000007d9d20000)
  to   space 17664K, 0% used [0x00000007d7aa0000,0x00000007d7aa0000,0x00000007d8be0000)
 ParOldGen       total 129536K, used 86834K [0x0000000780c00000, 0x0000000788a80000, 0x00000007d5960000)
  object space 129536K, 67% used [0x0000000780c00000,0x00000007860cc928,0x0000000788a80000)
 PSPermGen       total 60736K, used 28504K [0x000000077ba00000, 0x000000077f550000, 0x0000000780c00000)
  object space 60736K, 46% used [0x000000077ba00000,0x000000077d5d6028,0x000000077f550000)
}
Event: 60.173 GC heap before
{Heap before GC invocations=13 (full 2):
 PSYoungGen      total 47872K, used 45056K [0x00000007d5960000, 0x00000007d9d20000, 0x0000000800000000)
  eden space 34048K, 100% used [0x00000007d5960000,0x00000007d7aa0000,0x00000007d7aa0000)
  from space 13824K, 79% used [0x00000007d8fa0000,0x00000007d9a60040,0x00000007d9d20000)
  to   space 17664K, 0% used [0x00000007d7aa0000,0x00000007d7aa0000,0x00000007d8be0000)
 ParOldGen       total 129536K, used 86834K [0x0000000780c00000, 0x0000000788a80000, 0x00000007d5960000)
  object space 129536K, 67% used [0x0000000780c00000,0x00000007860cc928,0x0000000788a80000)
 PSPermGen       total 60736K, used 28543K [0x000000077ba00000, 0x000000077f550000, 0x0000000780c00000)
  object space 60736K, 46% used [0x000000077ba00000,0x000000077d5dfdc8,0x000000077f550000)
Event: 60.180 GC heap after
Heap after GC invocations=13 (full 2):
 PSYoungGen      total 51712K, used 11840K [0x00000007d5960000, 0x00000007da170000, 0x0000000800000000)
  eden space 34048K, 0% used [0x00000007d5960000,0x00000007d5960000,0x00000007d7aa0000)
  from space 17664K, 67% used [0x00000007d7aa0000,0x00000007d8630040,0x00000007d8be0000)
  to   space 17984K, 0% used [0x00000007d8fe0000,0x00000007d8fe0000,0x00000007da170000)
 ParOldGen       total 129536K, used 86834K [0x0000000780c00000, 0x0000000788a80000, 0x00000007d5960000)
  object space 129536K, 67% used [0x0000000780c00000,0x00000007860cc928,0x0000000788a80000)
 PSPermGen       total 60736K, used 28543K [0x000000077ba00000, 0x000000077f550000, 0x0000000780c00000)
  object space 60736K, 46% used [0x000000077ba00000,0x000000077d5dfdc8,0x000000077f550000)
}
Event: 67.948 GC heap before
{Heap before GC invocations=14 (full 2):
 PSYoungGen      total 51712K, used 45888K [0x00000007d5960000, 0x00000007da170000, 0x0000000800000000)
  eden space 34048K, 100% used [0x00000007d5960000,0x00000007d7aa0000,0x00000007d7aa0000)
  from space 17664K, 67% used [0x00000007d7aa0000,0x00000007d8630040,0x00000007d8be0000)
  to   space 17984K, 0% used [0x00000007d8fe0000,0x00000007d8fe0000,0x00000007da170000)
 ParOldGen       total 129536K, used 86834K [0x0000000780c00000, 0x0000000788a80000, 0x00000007d5960000)
  object space 129536K, 67% used [0x0000000780c00000,0x00000007860cc928,0x0000000788a80000)
 PSPermGen       total 60736K, used 28580K [0x000000077ba00000, 0x000000077f550000, 0x0000000780c00000)
  object space 60736K, 47% used [0x000000077ba00000,0x000000077d5e9368,0x000000077f550000)
Event: 67.957 GC heap after
Heap after GC invocations=14 (full 2):
 PSYoungGen      total 55360K, used 12448K [0x00000007d5960000, 0x00000007da1e0000, 0x0000000800000000)
  eden space 37376K, 0% used [0x00000007d5960000,0x00000007d5960000,0x00000007d7de0000)
  from space 17984K, 69% used [0x00000007d8fe0000,0x00000007d9c08040,0x00000007da170000)
  to   space 18432K, 0% used [0x00000007d7de0000,0x00000007d7de0000,0x00000007d8fe0000)
 ParOldGen       total 129536K, used 86834K [0x0000000780c00000, 0x0000000788a80000, 0x00000007d5960000)
  object space 129536K, 67% used [0x0000000780c00000,0x00000007860cc928,0x0000000788a80000)
 PSPermGen       total 60736K, used 28580K [0x000000077ba00000, 0x000000077f550000, 0x0000000780c00000)
  object space 60736K, 47% used [0x000000077ba00000,0x000000077d5e9368,0x000000077f550000)
}
Event: 75.058 GC heap before
{Heap before GC invocations=15 (full 2):
 PSYoungGen      total 55360K, used 49824K [0x00000007d5960000, 0x00000007da1e0000, 0x0000000800000000)
  eden space 37376K, 100% used [0x00000007d5960000,0x00000007d7de0000,0x00000007d7de0000)
  from space 17984K, 69% used [0x00000007d8fe0000,0x00000007d9c08040,0x00000007da170000)
  to   space 18432K, 0% used [0x00000007d7de0000,0x00000007d7de0000,0x00000007d8fe0000)
 ParOldGen       total 129536K, used 86834K [0x0000000780c00000, 0x0000000788a80000, 0x00000007d5960000)
  object space 129536K, 67% used [0x0000000780c00000,0x00000007860cc928,0x0000000788a80000)
 PSPermGen       total 60736K, used 28846K [0x000000077ba00000, 0x000000077f550000, 0x0000000780c00000)
  object space 60736K, 47% used [0x000000077ba00000,0x000000077d62bb40,0x000000077f550000)
Event: 75.066 GC heap after
Heap after GC invocations=15 (full 2):
 PSYoungGen      total 55808K, used 12928K [0x00000007d5960000, 0x00000007da5f0000, 0x0000000800000000)
  eden space 37376K, 0% used [0x00000007d5960000,0x00000007d5960000,0x00000007d7de0000)
  from space 18432K, 70% used [0x00000007d7de0000,0x00000007d8a80040,0x00000007d8fe0000)
  to   space 18880K, 0% used [0x00000007d9380000,0x00000007d9380000,0x00000007da5f0000)
 ParOldGen       total 129536K, used 86834K [0x0000000780c00000, 0x0000000788a80000, 0x00000007d5960000)
  object space 129536K, 67% used [0x0000000780c00000,0x00000007860cc928,0x0000000788a80000)
 PSPermGen       total 60736K, used 28846K [0x000000077ba00000, 0x000000077f550000, 0x0000000780c00000)
  object space 60736K, 47% used [0x000000077ba00000,0x000000077d62bb40,0x000000077f550000)
}
Event: 82.999 GC heap before
{Heap before GC invocations=16 (full 2):
 PSYoungGen      total 55808K, used 50304K [0x00000007d5960000, 0x00000007da5f0000, 0x0000000800000000)
  eden space 37376K, 100% used [0x00000007d5960000,0x00000007d7de0000,0x00000007d7de0000)
  from space 18432K, 70% used [0x00000007d7de0000,0x00000007d8a80040,0x00000007d8fe0000)
  to   space 18880K, 0% used [0x00000007d9380000,0x00000007d9380000,0x00000007da5f0000)
 ParOldGen       total 129536K, used 86834K [0x0000000780c00000, 0x0000000788a80000, 0x00000007d5960000)
  object space 129536K, 67% used [0x0000000780c00000,0x00000007860cc928,0x0000000788a80000)
 PSPermGen       total 60736K, used 28865K [0x000000077ba00000, 0x000000077f550000, 0x0000000780c00000)
  object space 60736K, 47% used [0x000000077ba00000,0x000000077d630490,0x000000077f550000)

