# JRE version: 7.0_17-b02
# Java VM: Java HotSpot(TM) 64-Bit Server VM (23.7-b01 mixed mode windows-amd64 compressed oops)
Heap
 PSYoungGen      total 30720K, used 8762K [0x00000007d5960000, 0x00000007d8e90000, 0x0000000800000000)
  eden space 30400K, 27% used [0x00000007d5960000,0x00000007d61a68c8,0x00000007d7710000)
  from space 320K, 90% used [0x00000007d77c0000,0x00000007d7808000,0x00000007d7810000)
  to   space 12032K, 0% used [0x00000007d82d0000,0x00000007d82d0000,0x00000007d8e90000)
 ParOldGen       total 86848K, used 9501K [0x0000000780c00000, 0x00000007860d0000, 0x00000007d5960000)
  object space 86848K, 10% used [0x0000000780c00000,0x00000007815474b8,0x00000007860d0000)
 PSPermGen       total 21248K, used 17414K [0x000000077ba00000, 0x000000077cec0000, 0x0000000780c00000)
  object space 21248K, 81% used [0x000000077ba00000,0x000000077cb01bf0,0x000000077cec0000)
GC Heap History (10 events):
Event: 50.044 GC heap before
{Heap before GC invocations=3 (full 0):
 PSYoungGen      total 38016K, used 38011K [0x00000007d5960000, 0x00000007d83c0000, 0x0000000800000000)
  eden space 32640K, 100% used [0x00000007d5960000,0x00000007d7940000,0x00000007d7940000)
  from space 5376K, 99% used [0x00000007d7e80000,0x00000007d83becd0,0x00000007d83c0000)
  to   space 5376K, 0% used [0x00000007d7940000,0x00000007d7940000,0x00000007d7e80000)
 ParOldGen       total 86848K, used 7143K [0x0000000780c00000, 0x00000007860d0000, 0x00000007d5960000)
  object space 86848K, 8% used [0x0000000780c00000,0x00000007812f9c70,0x00000007860d0000)
 PSPermGen       total 21248K, used 17147K [0x000000077ba00000, 0x000000077cec0000, 0x0000000780c00000)
  object space 21248K, 80% used [0x000000077ba00000,0x000000077cabef38,0x000000077cec0000)
Event: 50.066 GC heap after
Heap after GC invocations=3 (full 0):
 PSYoungGen      total 38016K, used 2592K [0x00000007d5960000, 0x00000007d83c0000, 0x0000000800000000)
  eden space 32640K, 0% used [0x00000007d5960000,0x00000007d5960000,0x00000007d7940000)
  from space 5376K, 48% used [0x00000007d7940000,0x00000007d7bc8000,0x00000007d7e80000)
  to   space 5376K, 0% used [0x00000007d7e80000,0x00000007d7e80000,0x00000007d83c0000)
 ParOldGen       total 86848K, used 7151K [0x0000000780c00000, 0x00000007860d0000, 0x00000007d5960000)
  object space 86848K, 8% used [0x0000000780c00000,0x00000007812fbc70,0x00000007860d0000)
 PSPermGen       total 21248K, used 17147K [0x000000077ba00000, 0x000000077cec0000, 0x0000000780c00000)
  object space 21248K, 80% used [0x000000077ba00000,0x000000077cabef38,0x000000077cec0000)
}
Event: 64.501 GC heap before
{Heap before GC invocations=4 (full 0):
 PSYoungGen      total 38016K, used 35232K [0x00000007d5960000, 0x00000007d83c0000, 0x0000000800000000)
  eden space 32640K, 100% used [0x00000007d5960000,0x00000007d7940000,0x00000007d7940000)
  from space 5376K, 48% used [0x00000007d7940000,0x00000007d7bc8000,0x00000007d7e80000)
  to   space 5376K, 0% used [0x00000007d7e80000,0x00000007d7e80000,0x00000007d83c0000)
 ParOldGen       total 86848K, used 7151K [0x0000000780c00000, 0x00000007860d0000, 0x00000007d5960000)
  object space 86848K, 8% used [0x0000000780c00000,0x00000007812fbc70,0x00000007860d0000)
 PSPermGen       total 21248K, used 17157K [0x000000077ba00000, 0x000000077cec0000, 0x0000000780c00000)
  object space 21248K, 80% used [0x000000077ba00000,0x000000077cac1688,0x000000077cec0000)
Event: 64.515 GC heap after
Heap after GC invocations=4 (full 0):
 PSYoungGen      total 38016K, used 2545K [0x00000007d5960000, 0x00000007d83c0000, 0x0000000800000000)
  eden space 32640K, 0% used [0x00000007d5960000,0x00000007d5960000,0x00000007d7940000)
  from space 5376K, 47% used [0x00000007d7e80000,0x00000007d80fc408,0x00000007d83c0000)
  to   space 5376K, 0% used [0x00000007d7940000,0x00000007d7940000,0x00000007d7e80000)
 ParOldGen       total 86848K, used 7159K [0x0000000780c00000, 0x00000007860d0000, 0x00000007d5960000)
  object space 86848K, 8% used [0x0000000780c00000,0x00000007812fdc70,0x00000007860d0000)
 PSPermGen       total 21248K, used 17157K [0x000000077ba00000, 0x000000077cec0000, 0x0000000780c00000)
  object space 21248K, 80% used [0x000000077ba00000,0x000000077cac1688,0x000000077cec0000)
}
Event: 89.269 GC heap before
{Heap before GC invocations=5 (full 0):
 PSYoungGen      total 38016K, used 35185K [0x00000007d5960000, 0x00000007d83c0000, 0x0000000800000000)
  eden space 32640K, 100% used [0x00000007d5960000,0x00000007d7940000,0x00000007d7940000)
  from space 5376K, 47% used [0x00000007d7e80000,0x00000007d80fc408,0x00000007d83c0000)
  to   space 5376K, 0% used [0x00000007d7940000,0x00000007d7940000,0x00000007d7e80000)
 ParOldGen       total 86848K, used 7159K [0x0000000780c00000, 0x00000007860d0000, 0x00000007d5960000)
  object space 86848K, 8% used [0x0000000780c00000,0x00000007812fdc70,0x00000007860d0000)
 PSPermGen       total 21248K, used 17236K [0x000000077ba00000, 0x000000077cec0000, 0x0000000780c00000)
  object space 21248K, 81% used [0x000000077ba00000,0x000000077cad5348,0x000000077cec0000)
Event: 89.283 GC heap after
Heap after GC invocations=5 (full 0):
 PSYoungGen      total 37248K, used 2561K [0x00000007d5960000, 0x00000007d91a0000, 0x0000000800000000)
  eden space 31872K, 0% used [0x00000007d5960000,0x00000007d5960000,0x00000007d7880000)
  from space 5376K, 47% used [0x00000007d7940000,0x00000007d7bc0418,0x00000007d7e80000)
  to   space 12864K, 0% used [0x00000007d8510000,0x00000007d8510000,0x00000007d91a0000)
 ParOldGen       total 86848K, used 7167K [0x0000000780c00000, 0x00000007860d0000, 0x00000007d5960000)
  object space 86848K, 8% used [0x0000000780c00000,0x00000007812ffc70,0x00000007860d0000)
 PSPermGen       total 21248K, used 17236K [0x000000077ba00000, 0x000000077cec0000, 0x0000000780c00000)
  object space 21248K, 81% used [0x000000077ba00000,0x000000077cad5348,0x000000077cec0000)
}
Event: 109.530 GC heap before
{Heap before GC invocations=6 (full 0):
 PSYoungGen      total 37248K, used 34433K [0x00000007d5960000, 0x00000007d91a0000, 0x0000000800000000)
  eden space 31872K, 100% used [0x00000007d5960000,0x00000007d7880000,0x00000007d7880000)
  from space 5376K, 47% used [0x00000007d7940000,0x00000007d7bc0418,0x00000007d7e80000)
  to   space 12864K, 0% used [0x00000007d8510000,0x00000007d8510000,0x00000007d91a0000)
 ParOldGen       total 86848K, used 7167K [0x0000000780c00000, 0x00000007860d0000, 0x00000007d5960000)
  object space 86848K, 8% used [0x0000000780c00000,0x00000007812ffc70,0x00000007860d0000)
 PSPermGen       total 21248K, used 17400K [0x000000077ba00000, 0x000000077cec0000, 0x0000000780c00000)
  object space 21248K, 81% used [0x000000077ba00000,0x000000077cafe2e0,0x000000077cec0000)
Event: 109.565 GC heap after
Heap after GC invocations=6 (full 0):
 PSYoungGen      total 41792K, used 2625K [0x00000007d5960000, 0x00000007d8f80000, 0x0000000800000000)
  eden space 31104K, 0% used [0x00000007d5960000,0x00000007d5960000,0x00000007d77c0000)
  from space 10688K, 24% used [0x00000007d8510000,0x00000007d87a0438,0x00000007d8f80000)
  to   space 12160K, 0% used [0x00000007d77c0000,0x00000007d77c0000,0x00000007d83a0000)
 ParOldGen       total 86848K, used 7175K [0x0000000780c00000, 0x00000007860d0000, 0x00000007d5960000)
  object space 86848K, 8% used [0x0000000780c00000,0x0000000781301c70,0x00000007860d0000)
 PSPermGen       total 21248K, used 17400K [0x000000077ba00000, 0x000000077cec0000, 0x0000000780c00000)
  object space 21248K, 81% used [0x000000077ba00000,0x000000077cafe2e0,0x000000077cec0000)
}
Event: 128.483 GC heap before
{Heap before GC invocations=7 (full 0):
 PSYoungGen      total 41792K, used 33729K [0x00000007d5960000, 0x00000007d8f80000, 0x0000000800000000)
  eden space 31104K, 100% used [0x00000007d5960000,0x00000007d77c0000,0x00000007d77c0000)
  from space 10688K, 24% used [0x00000007d8510000,0x00000007d87a0438,0x00000007d8f80000)
  to   space 12160K, 0% used [0x00000007d77c0000,0x00000007d77c0000,0x00000007d83a0000)
 ParOldGen       total 86848K, used 7175K [0x0000000780c00000, 0x00000007860d0000, 0x00000007d5960000)
  object space 86848K, 8% used [0x0000000780c00000,0x0000000781301c70,0x00000007860d0000)
 PSPermGen       total 21248K, used 17407K [0x000000077ba00000, 0x000000077cec0000, 0x0000000780c00000)
  object space 21248K, 81% used [0x000000077ba00000,0x000000077caffe10,0x000000077cec0000)
Event: 128.507 GC heap after
Heap after GC invocations=7 (full 0):
 PSYoungGen      total 30720K, used 288K [0x00000007d5960000, 0x00000007d8e90000, 0x0000000800000000)
  eden space 30400K, 0% used [0x00000007d5960000,0x00000007d5960000,0x00000007d7710000)
  from space 320K, 90% used [0x00000007d77c0000,0x00000007d7808000,0x00000007d7810000)
  to   space 12032K, 0% used [0x00000007d82d0000,0x00000007d82d0000,0x00000007d8e90000)
 ParOldGen       total 86848K, used 9501K [0x0000000780c00000, 0x00000007860d0000, 0x00000007d5960000)
  object space 86848K, 10% used [0x0000000780c00000,0x00000007815474b8,0x00000007860d0000)
 PSPermGen       total 21248K, used 17407K [0x000000077ba00000, 0x000000077cec0000, 0x0000000780c00000)
  object space 21248K, 81% used [0x000000077ba00000,0x000000077caffe10,0x000000077cec0000)
}

