# JRE version: 7.0_17-b02
# Java VM: Java HotSpot(TM) 64-Bit Server VM (23.7-b01 mixed mode windows-amd64 compressed oops)
Heap
 PSYoungGen      total 38016K, used 23504K [0x00000007d5960000, 0x00000007d83c0000, 0x0000000800000000)
  eden space 32640K, 55% used [0x00000007d5960000,0x00000007d6b16ac0,0x00000007d7940000)
  from space 5376K, 99% used [0x00000007d7e80000,0x00000007d83bd830,0x00000007d83c0000)
  to   space 5376K, 0% used [0x00000007d7940000,0x00000007d7940000,0x00000007d7e80000)
 ParOldGen       total 86848K, used 15297K [0x0000000780c00000, 0x00000007860d0000, 0x00000007d5960000)
  object space 86848K, 17% used [0x0000000780c00000,0x0000000781af0708,0x00000007860d0000)
 PSPermGen       total 35712K, used 30357K [0x000000077ba00000, 0x000000077dce0000, 0x0000000780c00000)
  object space 35712K, 85% used [0x000000077ba00000,0x000000077d7a5560,0x000000077dce0000)
GC Heap History (10 events):
Event: 1.257 GC heap before
{Heap before GC invocations=1 (full 0):
 PSYoungGen      total 38016K, used 32640K [0x00000007d5960000, 0x00000007d83c0000, 0x0000000800000000)
  eden space 32640K, 100% used [0x00000007d5960000,0x00000007d7940000,0x00000007d7940000)
  from space 5376K, 0% used [0x00000007d7e80000,0x00000007d7e80000,0x00000007d83c0000)
  to   space 5376K, 0% used [0x00000007d7940000,0x00000007d7940000,0x00000007d7e80000)
 ParOldGen       total 86848K, used 0K [0x0000000780c00000, 0x00000007860d0000, 0x00000007d5960000)
  object space 86848K, 0% used [0x0000000780c00000,0x0000000780c00000,0x00000007860d0000)
 PSPermGen       total 21248K, used 14635K [0x000000077ba00000, 0x000000077cec0000, 0x0000000780c00000)
  object space 21248K, 68% used [0x000000077ba00000,0x000000077c84af68,0x000000077cec0000)
Event: 1.266 GC heap after
Heap after GC invocations=1 (full 0):
 PSYoungGen      total 38016K, used 5366K [0x00000007d5960000, 0x00000007d83c0000, 0x0000000800000000)
  eden space 32640K, 0% used [0x00000007d5960000,0x00000007d5960000,0x00000007d7940000)
  from space 5376K, 99% used [0x00000007d7940000,0x00000007d7e7d840,0x00000007d7e80000)
  to   space 5376K, 0% used [0x00000007d7e80000,0x00000007d7e80000,0x00000007d83c0000)
 ParOldGen       total 86848K, used 1519K [0x0000000780c00000, 0x00000007860d0000, 0x00000007d5960000)
  object space 86848K, 1% used [0x0000000780c00000,0x0000000780d7bf80,0x00000007860d0000)
 PSPermGen       total 21248K, used 14635K [0x000000077ba00000, 0x000000077cec0000, 0x0000000780c00000)
  object space 21248K, 68% used [0x000000077ba00000,0x000000077c84af68,0x000000077cec0000)
}
Event: 2.800 GC heap before
{Heap before GC invocations=2 (full 0):
 PSYoungGen      total 38016K, used 24878K [0x00000007d5960000, 0x00000007d83c0000, 0x0000000800000000)
  eden space 32640K, 59% used [0x00000007d5960000,0x00000007d6c6e0f8,0x00000007d7940000)
  from space 5376K, 99% used [0x00000007d7940000,0x00000007d7e7d840,0x00000007d7e80000)
  to   space 5376K, 0% used [0x00000007d7e80000,0x00000007d7e80000,0x00000007d83c0000)
 ParOldGen       total 86848K, used 1519K [0x0000000780c00000, 0x00000007860d0000, 0x00000007d5960000)
  object space 86848K, 1% used [0x0000000780c00000,0x0000000780d7bf80,0x00000007860d0000)
 PSPermGen       total 21248K, used 17594K [0x000000077ba00000, 0x000000077cec0000, 0x0000000780c00000)
  object space 21248K, 82% used [0x000000077ba00000,0x000000077cb2e8a8,0x000000077cec0000)
Event: 2.808 GC heap after
Heap after GC invocations=2 (full 0):
 PSYoungGen      total 38016K, used 5369K [0x00000007d5960000, 0x00000007d83c0000, 0x0000000800000000)
  eden space 32640K, 0% used [0x00000007d5960000,0x00000007d5960000,0x00000007d7940000)
  from space 5376K, 99% used [0x00000007d7e80000,0x00000007d83be728,0x00000007d83c0000)
  to   space 5376K, 0% used [0x00000007d7940000,0x00000007d7940000,0x00000007d7e80000)
 ParOldGen       total 86848K, used 4850K [0x0000000780c00000, 0x00000007860d0000, 0x00000007d5960000)
  object space 86848K, 5% used [0x0000000780c00000,0x00000007810bc8d0,0x00000007860d0000)
 PSPermGen       total 21248K, used 17594K [0x000000077ba00000, 0x000000077cec0000, 0x0000000780c00000)
  object space 21248K, 82% used [0x000000077ba00000,0x000000077cb2e8a8,0x000000077cec0000)
}
Event: 2.808 GC heap before
{Heap before GC invocations=3 (full 1):
 PSYoungGen      total 38016K, used 5369K [0x00000007d5960000, 0x00000007d83c0000, 0x0000000800000000)
  eden space 32640K, 0% used [0x00000007d5960000,0x00000007d5960000,0x00000007d7940000)
  from space 5376K, 99% used [0x00000007d7e80000,0x00000007d83be728,0x00000007d83c0000)
  to   space 5376K, 0% used [0x00000007d7940000,0x00000007d7940000,0x00000007d7e80000)
 ParOldGen       total 86848K, used 4850K [0x0000000780c00000, 0x00000007860d0000, 0x00000007d5960000)
  object space 86848K, 5% used [0x0000000780c00000,0x00000007810bc8d0,0x00000007860d0000)
 PSPermGen       total 21248K, used 17594K [0x000000077ba00000, 0x000000077cec0000, 0x0000000780c00000)
  object space 21248K, 82% used [0x000000077ba00000,0x000000077cb2e8a8,0x000000077cec0000)
Event: 2.839 GC heap after
Heap after GC invocations=3 (full 1):
 PSYoungGen      total 38016K, used 0K [0x00000007d5960000, 0x00000007d83c0000, 0x0000000800000000)
  eden space 32640K, 0% used [0x00000007d5960000,0x00000007d5960000,0x00000007d7940000)
  from space 5376K, 0% used [0x00000007d7e80000,0x00000007d7e80000,0x00000007d83c0000)
  to   space 5376K, 0% used [0x00000007d7940000,0x00000007d7940000,0x00000007d7e80000)
 ParOldGen       total 86848K, used 8441K [0x0000000780c00000, 0x00000007860d0000, 0x00000007d5960000)
  object space 86848K, 9% used [0x0000000780c00000,0x000000078143e668,0x00000007860d0000)
 PSPermGen       total 35712K, used 17589K [0x000000077ba00000, 0x000000077dce0000, 0x0000000780c00000)
  object space 35712K, 49% used [0x000000077ba00000,0x000000077cb2d598,0x000000077dce0000)
}
Event: 7.612 GC heap before
{Heap before GC invocations=4 (full 1):
 PSYoungGen      total 38016K, used 32640K [0x00000007d5960000, 0x00000007d83c0000, 0x0000000800000000)
  eden space 32640K, 100% used [0x00000007d5960000,0x00000007d7940000,0x00000007d7940000)
  from space 5376K, 0% used [0x00000007d7e80000,0x00000007d7e80000,0x00000007d83c0000)
  to   space 5376K, 0% used [0x00000007d7940000,0x00000007d7940000,0x00000007d7e80000)
 ParOldGen       total 86848K, used 8441K [0x0000000780c00000, 0x00000007860d0000, 0x00000007d5960000)
  object space 86848K, 9% used [0x0000000780c00000,0x000000078143e668,0x00000007860d0000)
 PSPermGen       total 35712K, used 21749K [0x000000077ba00000, 0x000000077dce0000, 0x0000000780c00000)
  object space 35712K, 60% used [0x000000077ba00000,0x000000077cf3d4a8,0x000000077dce0000)
Event: 7.620 GC heap after
Heap after GC invocations=4 (full 1):
 PSYoungGen      total 38016K, used 3720K [0x00000007d5960000, 0x00000007d83c0000, 0x0000000800000000)
  eden space 32640K, 0% used [0x00000007d5960000,0x00000007d5960000,0x00000007d7940000)
  from space 5376K, 69% used [0x00000007d7940000,0x00000007d7ce2308,0x00000007d7e80000)
  to   space 5376K, 0% used [0x00000007d7e80000,0x00000007d7e80000,0x00000007d83c0000)
 ParOldGen       total 86848K, used 8441K [0x0000000780c00000, 0x00000007860d0000, 0x00000007d5960000)
  object space 86848K, 9% used [0x0000000780c00000,0x000000078143e668,0x00000007860d0000)
 PSPermGen       total 35712K, used 21749K [0x000000077ba00000, 0x000000077dce0000, 0x0000000780c00000)
  object space 35712K, 60% used [0x000000077ba00000,0x000000077cf3d4a8,0x000000077dce0000)
}
Event: 22.837 GC heap before
{Heap before GC invocations=5 (full 1):
 PSYoungGen      total 38016K, used 36360K [0x00000007d5960000, 0x00000007d83c0000, 0x0000000800000000)
  eden space 32640K, 100% used [0x00000007d5960000,0x00000007d7940000,0x00000007d7940000)
  from space 5376K, 69% used [0x00000007d7940000,0x00000007d7ce2308,0x00000007d7e80000)
  to   space 5376K, 0% used [0x00000007d7e80000,0x00000007d7e80000,0x00000007d83c0000)
 ParOldGen       total 86848K, used 8441K [0x0000000780c00000, 0x00000007860d0000, 0x00000007d5960000)
  object space 86848K, 9% used [0x0000000780c00000,0x000000078143e668,0x00000007860d0000)
 PSPermGen       total 35712K, used 29977K [0x000000077ba00000, 0x000000077dce0000, 0x0000000780c00000)
  object space 35712K, 83% used [0x000000077ba00000,0x000000077d746750,0x000000077dce0000)
Event: 22.855 GC heap after
Heap after GC invocations=5 (full 1):
 PSYoungGen      total 38016K, used 5366K [0x00000007d5960000, 0x00000007d83c0000, 0x0000000800000000)
  eden space 32640K, 0% used [0x00000007d5960000,0x00000007d5960000,0x00000007d7940000)
  from space 5376K, 99% used [0x00000007d7e80000,0x00000007d83bd830,0x00000007d83c0000)
  to   space 5376K, 0% used [0x00000007d7940000,0x00000007d7940000,0x00000007d7e80000)
 ParOldGen       total 86848K, used 15297K [0x0000000780c00000, 0x00000007860d0000, 0x00000007d5960000)
  object space 86848K, 17% used [0x0000000780c00000,0x0000000781af0708,0x00000007860d0000)
 PSPermGen       total 35712K, used 29977K [0x000000077ba00000, 0x000000077dce0000, 0x0000000780c00000)
  object space 35712K, 83% used [0x000000077ba00000,0x000000077d746750,0x000000077dce0000)
}

