# JRE version: 7.0_17-b02
# Java VM: Java HotSpot(TM) 64-Bit Server VM (23.7-b01 mixed mode windows-amd64 compressed oops)
Heap
 PSYoungGen      total 7424K, used 447K [0x00000007d5960000, 0x00000007d6190000, 0x0000000800000000)
  eden space 6592K, 0% used [0x00000007d5960000,0x00000007d5960000,0x00000007d5fd0000)
  from space 832K, 53% used [0x00000007d60c0000,0x00000007d612ffe0,0x00000007d6190000)
  to   space 896K, 0% used [0x00000007d5fd0000,0x00000007d5fd0000,0x00000007d60b0000)
 ParOldGen       total 89792K, used 89082K [0x0000000780c00000, 0x00000007863b0000, 0x00000007d5960000)
  object space 89792K, 99% used [0x0000000780c00000,0x00000007862feb30,0x00000007863b0000)
 PSPermGen       total 58176K, used 29007K [0x000000077ba00000, 0x000000077f2d0000, 0x0000000780c00000)
  object space 58176K, 49% used [0x000000077ba00000,0x000000077d653fc0,0x000000077f2d0000)
GC Heap History (10 events):
Event: 1477.896 GC heap after
Heap after GC invocations=376 (full 4):
 PSYoungGen      total 7552K, used 480K [0x00000007d5960000, 0x00000007d61d0000, 0x0000000800000000)
  eden space 6592K, 0% used [0x00000007d5960000,0x00000007d5960000,0x00000007d5fd0000)
  from space 960K, 50% used [0x00000007d60e0000,0x00000007d6158000,0x00000007d61d0000)
  to   space 1024K, 0% used [0x00000007d5fd0000,0x00000007d5fd0000,0x00000007d60d0000)
 ParOldGen       total 89792K, used 87818K [0x0000000780c00000, 0x00000007863b0000, 0x00000007d5960000)
  object space 89792K, 97% used [0x0000000780c00000,0x00000007861c2b10,0x00000007863b0000)
 PSPermGen       total 58176K, used 29007K [0x000000077ba00000, 0x000000077f2d0000, 0x0000000780c00000)
  object space 58176K, 49% used [0x000000077ba00000,0x000000077d653fc0,0x000000077f2d0000)
}
Event: 1479.844 GC heap before
{Heap before GC invocations=377 (full 4):
 PSYoungGen      total 7552K, used 7072K [0x00000007d5960000, 0x00000007d61d0000, 0x0000000800000000)
  eden space 6592K, 100% used [0x00000007d5960000,0x00000007d5fd0000,0x00000007d5fd0000)
  from space 960K, 50% used [0x00000007d60e0000,0x00000007d6158000,0x00000007d61d0000)
  to   space 1024K, 0% used [0x00000007d5fd0000,0x00000007d5fd0000,0x00000007d60d0000)
 ParOldGen       total 89792K, used 87818K [0x0000000780c00000, 0x00000007863b0000, 0x00000007d5960000)
  object space 89792K, 97% used [0x0000000780c00000,0x00000007861c2b10,0x00000007863b0000)
 PSPermGen       total 58176K, used 29007K [0x000000077ba00000, 0x000000077f2d0000, 0x0000000780c00000)
  object space 58176K, 49% used [0x000000077ba00000,0x000000077d653fc0,0x000000077f2d0000)
Event: 1479.865 GC heap after
Heap after GC invocations=377 (full 4):
 PSYoungGen      total 7104K, used 512K [0x00000007d5960000, 0x00000007d61b0000, 0x0000000800000000)
  eden space 6592K, 0% used [0x00000007d5960000,0x00000007d5960000,0x00000007d5fd0000)
  from space 512K, 100% used [0x00000007d5fd0000,0x00000007d6050000,0x00000007d6050000)
  to   space 960K, 0% used [0x00000007d60c0000,0x00000007d60c0000,0x00000007d61b0000)
 ParOldGen       total 89792K, used 88154K [0x0000000780c00000, 0x00000007863b0000, 0x00000007d5960000)
  object space 89792K, 98% used [0x0000000780c00000,0x0000000786216b20,0x00000007863b0000)
 PSPermGen       total 58176K, used 29007K [0x000000077ba00000, 0x000000077f2d0000, 0x0000000780c00000)
  object space 58176K, 49% used [0x000000077ba00000,0x000000077d653fc0,0x000000077f2d0000)
}
Event: 1480.633 GC heap before
{Heap before GC invocations=378 (full 4):
 PSYoungGen      total 7104K, used 7104K [0x00000007d5960000, 0x00000007d61b0000, 0x0000000800000000)
  eden space 6592K, 100% used [0x00000007d5960000,0x00000007d5fd0000,0x00000007d5fd0000)
  from space 512K, 100% used [0x00000007d5fd0000,0x00000007d6050000,0x00000007d6050000)
  to   space 960K, 0% used [0x00000007d60c0000,0x00000007d60c0000,0x00000007d61b0000)
 ParOldGen       total 89792K, used 88154K [0x0000000780c00000, 0x00000007863b0000, 0x00000007d5960000)
  object space 89792K, 98% used [0x0000000780c00000,0x0000000786216b20,0x00000007863b0000)
 PSPermGen       total 58176K, used 29007K [0x000000077ba00000, 0x000000077f2d0000, 0x0000000780c00000)
  object space 58176K, 49% used [0x000000077ba00000,0x000000077d653fc0,0x000000077f2d0000)
Event: 1480.639 GC heap after
Heap after GC invocations=378 (full 4):
 PSYoungGen      total 7552K, used 288K [0x00000007d5960000, 0x00000007d61b0000, 0x0000000800000000)
  eden space 6592K, 0% used [0x00000007d5960000,0x00000007d5960000,0x00000007d5fd0000)
  from space 960K, 30% used [0x00000007d60c0000,0x00000007d6108000,0x00000007d61b0000)
  to   space 960K, 0% used [0x00000007d5fd0000,0x00000007d5fd0000,0x00000007d60c0000)
 ParOldGen       total 89792K, used 88610K [0x0000000780c00000, 0x00000007863b0000, 0x00000007d5960000)
  object space 89792K, 98% used [0x0000000780c00000,0x0000000786288b20,0x00000007863b0000)
 PSPermGen       total 58176K, used 29007K [0x000000077ba00000, 0x000000077f2d0000, 0x0000000780c00000)
  object space 58176K, 49% used [0x000000077ba00000,0x000000077d653fc0,0x000000077f2d0000)
}
Event: 1482.625 GC heap before
{Heap before GC invocations=379 (full 4):
 PSYoungGen      total 7552K, used 6880K [0x00000007d5960000, 0x00000007d61b0000, 0x0000000800000000)
  eden space 6592K, 100% used [0x00000007d5960000,0x00000007d5fd0000,0x00000007d5fd0000)
  from space 960K, 30% used [0x00000007d60c0000,0x00000007d6108000,0x00000007d61b0000)
  to   space 960K, 0% used [0x00000007d5fd0000,0x00000007d5fd0000,0x00000007d60c0000)
 ParOldGen       total 89792K, used 88610K [0x0000000780c00000, 0x00000007863b0000, 0x00000007d5960000)
  object space 89792K, 98% used [0x0000000780c00000,0x0000000786288b20,0x00000007863b0000)
 PSPermGen       total 58176K, used 29007K [0x000000077ba00000, 0x000000077f2d0000, 0x0000000780c00000)
  object space 58176K, 49% used [0x000000077ba00000,0x000000077d653fc0,0x000000077f2d0000)
Event: 1482.632 GC heap after
Heap after GC invocations=379 (full 4):
 PSYoungGen      total 7552K, used 544K [0x00000007d5960000, 0x00000007d61b0000, 0x0000000800000000)
  eden space 6592K, 0% used [0x00000007d5960000,0x00000007d5960000,0x00000007d5fd0000)
  from space 960K, 56% used [0x00000007d5fd0000,0x00000007d6058000,0x00000007d60c0000)
  to   space 960K, 0% used [0x00000007d60c0000,0x00000007d60c0000,0x00000007d61b0000)
 ParOldGen       total 89792K, used 88706K [0x0000000780c00000, 0x00000007863b0000, 0x00000007d5960000)
  object space 89792K, 98% used [0x0000000780c00000,0x00000007862a0b20,0x00000007863b0000)
 PSPermGen       total 58176K, used 29007K [0x000000077ba00000, 0x000000077f2d0000, 0x0000000780c00000)
  object space 58176K, 49% used [0x000000077ba00000,0x000000077d653fc0,0x000000077f2d0000)
}
Event: 1484.534 GC heap before
{Heap before GC invocations=380 (full 4):
 PSYoungGen      total 7552K, used 7133K [0x00000007d5960000, 0x00000007d61b0000, 0x0000000800000000)
  eden space 6592K, 99% used [0x00000007d5960000,0x00000007d5fcf5f0,0x00000007d5fd0000)
  from space 960K, 56% used [0x00000007d5fd0000,0x00000007d6058000,0x00000007d60c0000)
  to   space 960K, 0% used [0x00000007d60c0000,0x00000007d60c0000,0x00000007d61b0000)
 ParOldGen       total 89792K, used 88706K [0x0000000780c00000, 0x00000007863b0000, 0x00000007d5960000)
  object space 89792K, 98% used [0x0000000780c00000,0x00000007862a0b20,0x00000007863b0000)
 PSPermGen       total 58176K, used 29007K [0x000000077ba00000, 0x000000077f2d0000, 0x0000000780c00000)
  object space 58176K, 49% used [0x000000077ba00000,0x000000077d653fc0,0x000000077f2d0000)
Event: 1484.540 GC heap after
Heap after GC invocations=380 (full 4):
 PSYoungGen      total 7424K, used 447K [0x00000007d5960000, 0x00000007d6190000, 0x0000000800000000)
  eden space 6592K, 0% used [0x00000007d5960000,0x00000007d5960000,0x00000007d5fd0000)
  from space 832K, 53% used [0x00000007d60c0000,0x00000007d612ffe0,0x00000007d6190000)
  to   space 896K, 0% used [0x00000007d5fd0000,0x00000007d5fd0000,0x00000007d60b0000)
 ParOldGen       total 89792K, used 89082K [0x0000000780c00000, 0x00000007863b0000, 0x00000007d5960000)
  object space 89792K, 99% used [0x0000000780c00000,0x00000007862feb30,0x00000007863b0000)
 PSPermGen       total 58176K, used 29007K [0x000000077ba00000, 0x000000077f2d0000, 0x0000000780c00000)
  object space 58176K, 49% used [0x000000077ba00000,0x000000077d653fc0,0x000000077f2d0000)
}
Event: 1484.540 GC heap before
{Heap before GC invocations=381 (full 5):
 PSYoungGen      total 7424K, used 447K [0x00000007d5960000, 0x00000007d6190000, 0x0000000800000000)
  eden space 6592K, 0% used [0x00000007d5960000,0x00000007d5960000,0x00000007d5fd0000)
  from space 832K, 53% used [0x00000007d60c0000,0x00000007d612ffe0,0x00000007d6190000)
  to   space 896K, 0% used [0x00000007d5fd0000,0x00000007d5fd0000,0x00000007d60b0000)
 ParOldGen       total 89792K, used 89082K [0x0000000780c00000, 0x00000007863b0000, 0x00000007d5960000)
  object space 89792K, 99% used [0x0000000780c00000,0x00000007862feb30,0x00000007863b0000)
 PSPermGen       total 58176K, used 29007K [0x000000077ba00000, 0x000000077f2d0000, 0x0000000780c00000)
  object space 58176K, 49% used [0x000000077ba00000,0x000000077d653fc0,0x000000077f2d0000)

