# JRE version: 7.0_17-b02
# Java VM: Java HotSpot(TM) 64-Bit Server VM (23.7-b01 mixed mode windows-amd64 compressed oops)
Heap
 PSYoungGen      total 40640K, used 23906K [0x00000007d5960000, 0x00000007d8c80000, 0x0000000800000000)
  eden space 29696K, 78% used [0x00000007d5960000,0x00000007d7040870,0x00000007d7660000)
  from space 10944K, 4% used [0x00000007d81c0000,0x00000007d8238000,0x00000007d8c70000)
  to   space 11328K, 0% used [0x00000007d7660000,0x00000007d7660000,0x00000007d8170000)
 ParOldGen       total 86848K, used 13222K [0x0000000780c00000, 0x00000007860d0000, 0x00000007d5960000)
  object space 86848K, 15% used [0x0000000780c00000,0x00000007818e9a38,0x00000007860d0000)
 PSPermGen       total 21248K, used 17928K [0x000000077ba00000, 0x000000077cec0000, 0x0000000780c00000)
  object space 21248K, 84% used [0x000000077ba00000,0x000000077cb820c0,0x000000077cec0000)
GC Heap History (10 events):
Event: 36.310 GC heap before
{Heap before GC invocations=4 (full 0):
 PSYoungGen      total 38016K, used 37991K [0x00000007d5960000, 0x00000007d83c0000, 0x0000000800000000)
  eden space 32640K, 100% used [0x00000007d5960000,0x00000007d7940000,0x00000007d7940000)
  from space 5376K, 99% used [0x00000007d7940000,0x00000007d7e79dd8,0x00000007d7e80000)
  to   space 5376K, 0% used [0x00000007d7e80000,0x00000007d7e80000,0x00000007d83c0000)
 ParOldGen       total 86848K, used 7190K [0x0000000780c00000, 0x00000007860d0000, 0x00000007d5960000)
  object space 86848K, 8% used [0x0000000780c00000,0x0000000781305bc0,0x00000007860d0000)
 PSPermGen       total 21248K, used 17811K [0x000000077ba00000, 0x000000077cec0000, 0x0000000780c00000)
  object space 21248K, 83% used [0x000000077ba00000,0x000000077cb64f18,0x000000077cec0000)
Event: 36.326 GC heap after
Heap after GC invocations=4 (full 0):
 PSYoungGen      total 38016K, used 5354K [0x00000007d5960000, 0x00000007d83c0000, 0x0000000800000000)
  eden space 32640K, 0% used [0x00000007d5960000,0x00000007d5960000,0x00000007d7940000)
  from space 5376K, 99% used [0x00000007d7e80000,0x00000007d83ba968,0x00000007d83c0000)
  to   space 5376K, 0% used [0x00000007d7940000,0x00000007d7940000,0x00000007d7e80000)
 ParOldGen       total 86848K, used 7807K [0x0000000780c00000, 0x00000007860d0000, 0x00000007d5960000)
  object space 86848K, 8% used [0x0000000780c00000,0x000000078139fd00,0x00000007860d0000)
 PSPermGen       total 21248K, used 17811K [0x000000077ba00000, 0x000000077cec0000, 0x0000000780c00000)
  object space 21248K, 83% used [0x000000077ba00000,0x000000077cb64f18,0x000000077cec0000)
}
Event: 48.398 GC heap before
{Heap before GC invocations=5 (full 0):
 PSYoungGen      total 38016K, used 37994K [0x00000007d5960000, 0x00000007d83c0000, 0x0000000800000000)
  eden space 32640K, 100% used [0x00000007d5960000,0x00000007d7940000,0x00000007d7940000)
  from space 5376K, 99% used [0x00000007d7e80000,0x00000007d83ba968,0x00000007d83c0000)
  to   space 5376K, 0% used [0x00000007d7940000,0x00000007d7940000,0x00000007d7e80000)
 ParOldGen       total 86848K, used 7810K [0x0000000780c00000, 0x00000007860d0000, 0x00000007d5960000)
  object space 86848K, 8% used [0x0000000780c00000,0x00000007813a09f8,0x00000007860d0000)
 PSPermGen       total 21248K, used 17838K [0x000000077ba00000, 0x000000077cec0000, 0x0000000780c00000)
  object space 21248K, 83% used [0x000000077ba00000,0x000000077cb6b840,0x000000077cec0000)
Event: 48.417 GC heap after
Heap after GC invocations=5 (full 0):
 PSYoungGen      total 37248K, used 5371K [0x00000007d5960000, 0x00000007d8d20000, 0x0000000800000000)
  eden space 31872K, 0% used [0x00000007d5960000,0x00000007d5960000,0x00000007d7880000)
  from space 5376K, 99% used [0x00000007d7940000,0x00000007d7e7ed70,0x00000007d7e80000)
  to   space 10560K, 0% used [0x00000007d82d0000,0x00000007d82d0000,0x00000007d8d20000)
 ParOldGen       total 86848K, used 8090K [0x0000000780c00000, 0x00000007860d0000, 0x00000007d5960000)
  object space 86848K, 9% used [0x0000000780c00000,0x00000007813e69f8,0x00000007860d0000)
 PSPermGen       total 21248K, used 17838K [0x000000077ba00000, 0x000000077cec0000, 0x0000000780c00000)
  object space 21248K, 83% used [0x000000077ba00000,0x000000077cb6b840,0x000000077cec0000)
}
Event: 60.616 GC heap before
{Heap before GC invocations=6 (full 0):
 PSYoungGen      total 37248K, used 37243K [0x00000007d5960000, 0x00000007d8d20000, 0x0000000800000000)
  eden space 31872K, 100% used [0x00000007d5960000,0x00000007d7880000,0x00000007d7880000)
  from space 5376K, 99% used [0x00000007d7940000,0x00000007d7e7ed70,0x00000007d7e80000)
  to   space 10560K, 0% used [0x00000007d82d0000,0x00000007d82d0000,0x00000007d8d20000)
 ParOldGen       total 86848K, used 8169K [0x0000000780c00000, 0x00000007860d0000, 0x00000007d5960000)
  object space 86848K, 9% used [0x0000000780c00000,0x00000007813fa630,0x00000007860d0000)
 PSPermGen       total 21248K, used 17855K [0x000000077ba00000, 0x000000077cec0000, 0x0000000780c00000)
  object space 21248K, 84% used [0x000000077ba00000,0x000000077cb6ffb8,0x000000077cec0000)
Event: 60.633 GC heap after
Heap after GC invocations=6 (full 0):
 PSYoungGen      total 40256K, used 5546K [0x00000007d5960000, 0x00000007d8bc0000, 0x0000000800000000)
  eden space 31104K, 0% used [0x00000007d5960000,0x00000007d5960000,0x00000007d77c0000)
  from space 9152K, 60% used [0x00000007d82d0000,0x00000007d883a988,0x00000007d8bc0000)
  to   space 10240K, 0% used [0x00000007d77c0000,0x00000007d77c0000,0x00000007d81c0000)
 ParOldGen       total 86848K, used 8169K [0x0000000780c00000, 0x00000007860d0000, 0x00000007d5960000)
  object space 86848K, 9% used [0x0000000780c00000,0x00000007813fa630,0x00000007860d0000)
 PSPermGen       total 21248K, used 17855K [0x000000077ba00000, 0x000000077cec0000, 0x0000000780c00000)
  object space 21248K, 84% used [0x000000077ba00000,0x000000077cb6ffb8,0x000000077cec0000)
}
Event: 67.783 GC heap before
{Heap before GC invocations=7 (full 0):
 PSYoungGen      total 40256K, used 36650K [0x00000007d5960000, 0x00000007d8bc0000, 0x0000000800000000)
  eden space 31104K, 100% used [0x00000007d5960000,0x00000007d77c0000,0x00000007d77c0000)
  from space 9152K, 60% used [0x00000007d82d0000,0x00000007d883a988,0x00000007d8bc0000)
  to   space 10240K, 0% used [0x00000007d77c0000,0x00000007d77c0000,0x00000007d81c0000)
 ParOldGen       total 86848K, used 8173K [0x0000000780c00000, 0x00000007860d0000, 0x00000007d5960000)
  object space 86848K, 9% used [0x0000000780c00000,0x00000007813fb6b8,0x00000007860d0000)
 PSPermGen       total 21248K, used 17872K [0x000000077ba00000, 0x000000077cec0000, 0x0000000780c00000)
  object space 21248K, 84% used [0x000000077ba00000,0x000000077cb740d8,0x000000077cec0000)
Event: 67.805 GC heap after
Heap after GC invocations=7 (full 0):
 PSYoungGen      total 40640K, used 995K [0x00000007d5960000, 0x00000007d8c70000, 0x0000000800000000)
  eden space 30400K, 0% used [0x00000007d5960000,0x00000007d5960000,0x00000007d7710000)
  from space 10240K, 9% used [0x00000007d77c0000,0x00000007d78b8fa8,0x00000007d81c0000)
  to   space 10944K, 0% used [0x00000007d81c0000,0x00000007d81c0000,0x00000007d8c70000)
 ParOldGen       total 86848K, used 12728K [0x0000000780c00000, 0x00000007860d0000, 0x00000007d5960000)
  object space 86848K, 14% used [0x0000000780c00000,0x000000078186e3c0,0x00000007860d0000)
 PSPermGen       total 21248K, used 17872K [0x000000077ba00000, 0x000000077cec0000, 0x0000000780c00000)
  object space 21248K, 84% used [0x000000077ba00000,0x000000077cb740d8,0x000000077cec0000)
}
Event: 79.367 GC heap before
{Heap before GC invocations=8 (full 0):
 PSYoungGen      total 40640K, used 31395K [0x00000007d5960000, 0x00000007d8c70000, 0x0000000800000000)
  eden space 30400K, 100% used [0x00000007d5960000,0x00000007d7710000,0x00000007d7710000)
  from space 10240K, 9% used [0x00000007d77c0000,0x00000007d78b8fa8,0x00000007d81c0000)
  to   space 10944K, 0% used [0x00000007d81c0000,0x00000007d81c0000,0x00000007d8c70000)
 ParOldGen       total 86848K, used 12728K [0x0000000780c00000, 0x00000007860d0000, 0x00000007d5960000)
  object space 86848K, 14% used [0x0000000780c00000,0x000000078186e3c0,0x00000007860d0000)
 PSPermGen       total 21248K, used 17885K [0x000000077ba00000, 0x000000077cec0000, 0x0000000780c00000)
  object space 21248K, 84% used [0x000000077ba00000,0x000000077cb77568,0x000000077cec0000)
Event: 79.373 GC heap after
Heap after GC invocations=8 (full 0):
 PSYoungGen      total 40640K, used 480K [0x00000007d5960000, 0x00000007d8c80000, 0x0000000800000000)
  eden space 29696K, 0% used [0x00000007d5960000,0x00000007d5960000,0x00000007d7660000)
  from space 10944K, 4% used [0x00000007d81c0000,0x00000007d8238000,0x00000007d8c70000)
  to   space 11328K, 0% used [0x00000007d7660000,0x00000007d7660000,0x00000007d8170000)
 ParOldGen       total 86848K, used 13222K [0x0000000780c00000, 0x00000007860d0000, 0x00000007d5960000)
  object space 86848K, 15% used [0x0000000780c00000,0x00000007818e9a38,0x00000007860d0000)
 PSPermGen       total 21248K, used 17885K [0x000000077ba00000, 0x000000077cec0000, 0x0000000780c00000)
  object space 21248K, 84% used [0x000000077ba00000,0x000000077cb77568,0x000000077cec0000)
}

