# JRE version: 7.0_17-b02
# Java VM: Java HotSpot(TM) 64-Bit Server VM (23.7-b01 mixed mode windows-amd64 compressed oops)
Heap
 PSYoungGen      total 36736K, used 18724K [0x00000007d5960000, 0x00000007da260000, 0x0000000800000000)
  eden space 32640K, 45% used [0x00000007d5960000,0x00000007d67b8220,0x00000007d7940000)
  from space 4096K, 98% used [0x00000007d9e60000,0x00000007da250e80,0x00000007da260000)
  to   space 5376K, 0% used [0x00000007d97e0000,0x00000007d97e0000,0x00000007d9d20000)
 ParOldGen       total 86848K, used 16K [0x0000000780c00000, 0x00000007860d0000, 0x00000007d5960000)
  object space 86848K, 0% used [0x0000000780c00000,0x0000000780c04000,0x00000007860d0000)
 PSPermGen       total 21248K, used 18127K [0x000000077ba00000, 0x000000077cec0000, 0x0000000780c00000)
  object space 21248K, 85% used [0x000000077ba00000,0x000000077cbb3cc0,0x000000077cec0000)
GC Heap History (4 events):
Event: 5.408 GC heap before
{Heap before GC invocations=1 (full 0):
 PSYoungGen      total 38016K, used 32640K [0x00000007d5960000, 0x00000007d83c0000, 0x0000000800000000)
  eden space 32640K, 100% used [0x00000007d5960000,0x00000007d7940000,0x00000007d7940000)
  from space 5376K, 0% used [0x00000007d7e80000,0x00000007d7e80000,0x00000007d83c0000)
  to   space 5376K, 0% used [0x00000007d7940000,0x00000007d7940000,0x00000007d7e80000)
 ParOldGen       total 86848K, used 0K [0x0000000780c00000, 0x00000007860d0000, 0x00000007d5960000)
  object space 86848K, 0% used [0x0000000780c00000,0x0000000780c00000,0x00000007860d0000)
 PSPermGen       total 21248K, used 17023K [0x000000077ba00000, 0x000000077cec0000, 0x0000000780c00000)
  object space 21248K, 80% used [0x000000077ba00000,0x000000077ca9fe58,0x000000077cec0000)
Event: 5.473 GC heap after
Heap after GC invocations=1 (full 0):
 PSYoungGen      total 38016K, used 5024K [0x00000007d5960000, 0x00000007da3a0000, 0x0000000800000000)
  eden space 32640K, 0% used [0x00000007d5960000,0x00000007d5960000,0x00000007d7940000)
  from space 5376K, 93% used [0x00000007d7940000,0x00000007d7e283e0,0x00000007d7e80000)
  to   space 5376K, 0% used [0x00000007d9e60000,0x00000007d9e60000,0x00000007da3a0000)
 ParOldGen       total 86848K, used 8K [0x0000000780c00000, 0x00000007860d0000, 0x00000007d5960000)
  object space 86848K, 0% used [0x0000000780c00000,0x0000000780c02000,0x00000007860d0000)
 PSPermGen       total 21248K, used 17023K [0x000000077ba00000, 0x000000077cec0000, 0x0000000780c00000)
  object space 21248K, 80% used [0x000000077ba00000,0x000000077ca9fe58,0x000000077cec0000)
}
Event: 29.191 GC heap before
{Heap before GC invocations=2 (full 0):
 PSYoungGen      total 38016K, used 37664K [0x00000007d5960000, 0x00000007da3a0000, 0x0000000800000000)
  eden space 32640K, 100% used [0x00000007d5960000,0x00000007d7940000,0x00000007d7940000)
  from space 5376K, 93% used [0x00000007d7940000,0x00000007d7e283e0,0x00000007d7e80000)
  to   space 5376K, 0% used [0x00000007d9e60000,0x00000007d9e60000,0x00000007da3a0000)
 ParOldGen       total 86848K, used 8K [0x0000000780c00000, 0x00000007860d0000, 0x00000007d5960000)
  object space 86848K, 0% used [0x0000000780c00000,0x0000000780c02000,0x00000007860d0000)
 PSPermGen       total 21248K, used 18094K [0x000000077ba00000, 0x000000077cec0000, 0x0000000780c00000)
  object space 21248K, 85% used [0x000000077ba00000,0x000000077cbabb90,0x000000077cec0000)
Event: 29.229 GC heap after
Heap after GC invocations=2 (full 0):
 PSYoungGen      total 36736K, used 4035K [0x00000007d5960000, 0x00000007da260000, 0x0000000800000000)
  eden space 32640K, 0% used [0x00000007d5960000,0x00000007d5960000,0x00000007d7940000)
  from space 4096K, 98% used [0x00000007d9e60000,0x00000007da250e80,0x00000007da260000)
  to   space 5376K, 0% used [0x00000007d97e0000,0x00000007d97e0000,0x00000007d9d20000)
 ParOldGen       total 86848K, used 16K [0x0000000780c00000, 0x00000007860d0000, 0x00000007d5960000)
  object space 86848K, 0% used [0x0000000780c00000,0x0000000780c04000,0x00000007860d0000)
 PSPermGen       total 21248K, used 18094K [0x000000077ba00000, 0x000000077cec0000, 0x0000000780c00000)
  object space 21248K, 85% used [0x000000077ba00000,0x000000077cbabb90,0x000000077cec0000)
}

