# JRE version: 7.0_17-b02
# Java VM: Java HotSpot(TM) 64-Bit Server VM (23.7-b01 mixed mode windows-amd64 compressed oops)
Heap
 PSYoungGen      total 32128K, used 23479K [0x00000007d5960000, 0x00000007d8fe0000, 0x0000000800000000)
  eden space 29568K, 70% used [0x00000007d5960000,0x00000007d6dd03e0,0x00000007d7640000)
  from space 2560K, 99% used [0x00000007d76f0000,0x00000007d796d910,0x00000007d7970000)
  to   space 13120K, 0% used [0x00000007d8310000,0x00000007d8310000,0x00000007d8fe0000)
 ParOldGen       total 86848K, used 17803K [0x0000000780c00000, 0x00000007860d0000, 0x00000007d5960000)
  object space 86848K, 20% used [0x0000000780c00000,0x0000000781d62f98,0x00000007860d0000)
 PSPermGen       total 22784K, used 22712K [0x000000077ba00000, 0x000000077d040000, 0x0000000780c00000)
  object space 22784K, 99% used [0x000000077ba00000,0x000000077d02e3d0,0x000000077d040000)
GC Heap History (10 events):
Event: 21.966 GC heap before
{Heap before GC invocations=3 (full 0):
 PSYoungGen      total 38016K, used 37999K [0x00000007d5960000, 0x00000007da3a0000, 0x0000000800000000)
  eden space 32640K, 100% used [0x00000007d5960000,0x00000007d7940000,0x00000007d7940000)
  from space 5376K, 99% used [0x00000007d7e80000,0x00000007d83bbc90,0x00000007d83c0000)
  to   space 5376K, 0% used [0x00000007d7940000,0x00000007d7940000,0x00000007d7e80000)
 ParOldGen       total 86848K, used 6021K [0x0000000780c00000, 0x00000007860d0000, 0x00000007d5960000)
  object space 86848K, 6% used [0x0000000780c00000,0x00000007811e15a0,0x00000007860d0000)
 PSPermGen       total 21248K, used 20593K [0x000000077ba00000, 0x000000077cec0000, 0x0000000780c00000)
  object space 21248K, 96% used [0x000000077ba00000,0x000000077ce1c4b8,0x000000077cec0000)
Event: 21.992 GC heap after
Heap after GC invocations=3 (full 0):
 PSYoungGen      total 38016K, used 5350K [0x00000007d5960000, 0x00000007d83c0000, 0x0000000800000000)
  eden space 32640K, 0% used [0x00000007d5960000,0x00000007d5960000,0x00000007d7940000)
  from space 5376K, 99% used [0x00000007d7940000,0x00000007d7e79998,0x00000007d7e80000)
  to   space 5376K, 0% used [0x00000007d7e80000,0x00000007d7e80000,0x00000007d83c0000)
 ParOldGen       total 86848K, used 8060K [0x0000000780c00000, 0x00000007860d0000, 0x00000007d5960000)
  object space 86848K, 9% used [0x0000000780c00000,0x00000007813df268,0x00000007860d0000)
 PSPermGen       total 21248K, used 20593K [0x000000077ba00000, 0x000000077cec0000, 0x0000000780c00000)
  object space 21248K, 96% used [0x000000077ba00000,0x000000077ce1c4b8,0x000000077cec0000)
}
Event: 29.811 GC heap before
{Heap before GC invocations=4 (full 0):
 PSYoungGen      total 38016K, used 37990K [0x00000007d5960000, 0x00000007d83c0000, 0x0000000800000000)
  eden space 32640K, 100% used [0x00000007d5960000,0x00000007d7940000,0x00000007d7940000)
  from space 5376K, 99% used [0x00000007d7940000,0x00000007d7e79998,0x00000007d7e80000)
  to   space 5376K, 0% used [0x00000007d7e80000,0x00000007d7e80000,0x00000007d83c0000)
 ParOldGen       total 86848K, used 8060K [0x0000000780c00000, 0x00000007860d0000, 0x00000007d5960000)
  object space 86848K, 9% used [0x0000000780c00000,0x00000007813df268,0x00000007860d0000)
 PSPermGen       total 22592K, used 22542K [0x000000077ba00000, 0x000000077d010000, 0x0000000780c00000)
  object space 22592K, 99% used [0x000000077ba00000,0x000000077d003ab0,0x000000077d010000)
Event: 29.836 GC heap after
Heap after GC invocations=4 (full 0):
 PSYoungGen      total 38016K, used 5349K [0x00000007d5960000, 0x00000007d83c0000, 0x0000000800000000)
  eden space 32640K, 0% used [0x00000007d5960000,0x00000007d5960000,0x00000007d7940000)
  from space 5376K, 99% used [0x00000007d7e80000,0x00000007d83b9520,0x00000007d83c0000)
  to   space 5376K, 0% used [0x00000007d7940000,0x00000007d7940000,0x00000007d7e80000)
 ParOldGen       total 86848K, used 8965K [0x0000000780c00000, 0x00000007860d0000, 0x00000007d5960000)
  object space 86848K, 10% used [0x0000000780c00000,0x00000007814c1638,0x00000007860d0000)
 PSPermGen       total 22592K, used 22542K [0x000000077ba00000, 0x000000077d010000, 0x0000000780c00000)
  object space 22592K, 99% used [0x000000077ba00000,0x000000077d003ab0,0x000000077d010000)
}
Event: 40.062 GC heap before
{Heap before GC invocations=5 (full 0):
 PSYoungGen      total 38016K, used 37989K [0x00000007d5960000, 0x00000007d83c0000, 0x0000000800000000)
  eden space 32640K, 100% used [0x00000007d5960000,0x00000007d7940000,0x00000007d7940000)
  from space 5376K, 99% used [0x00000007d7e80000,0x00000007d83b9520,0x00000007d83c0000)
  to   space 5376K, 0% used [0x00000007d7940000,0x00000007d7940000,0x00000007d7e80000)
 ParOldGen       total 86848K, used 8965K [0x0000000780c00000, 0x00000007860d0000, 0x00000007d5960000)
  object space 86848K, 10% used [0x0000000780c00000,0x00000007814c1638,0x00000007860d0000)
 PSPermGen       total 22784K, used 22632K [0x000000077ba00000, 0x000000077d040000, 0x0000000780c00000)
  object space 22784K, 99% used [0x000000077ba00000,0x000000077d01a258,0x000000077d040000)
Event: 40.092 GC heap after
Heap after GC invocations=5 (full 0):
 PSYoungGen      total 37248K, used 5365K [0x00000007d5960000, 0x00000007d8e00000, 0x0000000800000000)
  eden space 31872K, 0% used [0x00000007d5960000,0x00000007d5960000,0x00000007d7880000)
  from space 5376K, 99% used [0x00000007d7940000,0x00000007d7e7d550,0x00000007d7e80000)
  to   space 11008K, 0% used [0x00000007d8340000,0x00000007d8340000,0x00000007d8e00000)
 ParOldGen       total 86848K, used 9085K [0x0000000780c00000, 0x00000007860d0000, 0x00000007d5960000)
  object space 86848K, 10% used [0x0000000780c00000,0x00000007814df638,0x00000007860d0000)
 PSPermGen       total 22784K, used 22632K [0x000000077ba00000, 0x000000077d040000, 0x0000000780c00000)
  object space 22784K, 99% used [0x000000077ba00000,0x000000077d01a258,0x000000077d040000)
}
Event: 45.521 GC heap before
{Heap before GC invocations=6 (full 0):
 PSYoungGen      total 37248K, used 37237K [0x00000007d5960000, 0x00000007d8e00000, 0x0000000800000000)
  eden space 31872K, 100% used [0x00000007d5960000,0x00000007d7880000,0x00000007d7880000)
  from space 5376K, 99% used [0x00000007d7940000,0x00000007d7e7d550,0x00000007d7e80000)
  to   space 11008K, 0% used [0x00000007d8340000,0x00000007d8340000,0x00000007d8e00000)
 ParOldGen       total 86848K, used 9085K [0x0000000780c00000, 0x00000007860d0000, 0x00000007d5960000)
  object space 86848K, 10% used [0x0000000780c00000,0x00000007814df638,0x00000007860d0000)
 PSPermGen       total 22784K, used 22701K [0x000000077ba00000, 0x000000077d040000, 0x0000000780c00000)
  object space 22784K, 99% used [0x000000077ba00000,0x000000077d02b410,0x000000077d040000)
Event: 45.545 GC heap after
Heap after GC invocations=6 (full 0):
 PSYoungGen      total 41280K, used 10996K [0x00000007d5960000, 0x00000007d9060000, 0x0000000800000000)
  eden space 30272K, 0% used [0x00000007d5960000,0x00000007d5960000,0x00000007d76f0000)
  from space 11008K, 99% used [0x00000007d8340000,0x00000007d8dfd168,0x00000007d8e00000)
  to   space 12608K, 0% used [0x00000007d76f0000,0x00000007d76f0000,0x00000007d8340000)
 ParOldGen       total 86848K, used 9213K [0x0000000780c00000, 0x00000007860d0000, 0x00000007d5960000)
  object space 86848K, 10% used [0x0000000780c00000,0x00000007814ff638,0x00000007860d0000)
 PSPermGen       total 22784K, used 22701K [0x000000077ba00000, 0x000000077d040000, 0x0000000780c00000)
  object space 22784K, 99% used [0x000000077ba00000,0x000000077d02b410,0x000000077d040000)
}
Event: 49.781 GC heap before
{Heap before GC invocations=7 (full 0):
 PSYoungGen      total 41280K, used 41268K [0x00000007d5960000, 0x00000007d9060000, 0x0000000800000000)
  eden space 30272K, 100% used [0x00000007d5960000,0x00000007d76f0000,0x00000007d76f0000)
  from space 11008K, 99% used [0x00000007d8340000,0x00000007d8dfd168,0x00000007d8e00000)
  to   space 12608K, 0% used [0x00000007d76f0000,0x00000007d76f0000,0x00000007d8340000)
 ParOldGen       total 86848K, used 9213K [0x0000000780c00000, 0x00000007860d0000, 0x00000007d5960000)
  object space 86848K, 10% used [0x0000000780c00000,0x00000007814ff638,0x00000007860d0000)
 PSPermGen       total 22784K, used 22709K [0x000000077ba00000, 0x000000077d040000, 0x0000000780c00000)
  object space 22784K, 99% used [0x000000077ba00000,0x000000077d02d7c8,0x000000077d040000)
Event: 49.815 GC heap after
Heap after GC invocations=7 (full 0):
 PSYoungGen      total 32128K, used 2550K [0x00000007d5960000, 0x00000007d8fe0000, 0x0000000800000000)
  eden space 29568K, 0% used [0x00000007d5960000,0x00000007d5960000,0x00000007d7640000)
  from space 2560K, 99% used [0x00000007d76f0000,0x00000007d796d910,0x00000007d7970000)
  to   space 13120K, 0% used [0x00000007d8310000,0x00000007d8310000,0x00000007d8fe0000)
 ParOldGen       total 86848K, used 17803K [0x0000000780c00000, 0x00000007860d0000, 0x00000007d5960000)
  object space 86848K, 20% used [0x0000000780c00000,0x0000000781d62f98,0x00000007860d0000)
 PSPermGen       total 22784K, used 22709K [0x000000077ba00000, 0x000000077d040000, 0x0000000780c00000)
  object space 22784K, 99% used [0x000000077ba00000,0x000000077d02d7c8,0x000000077d040000)
}

