# JRE version: 7.0_17-b02
# Java VM: Java HotSpot(TM) 64-Bit Server VM (23.7-b01 mixed mode windows-amd64 compressed oops)
Heap
 PSYoungGen      total 38016K, used 2461K [0x00000007d5960000, 0x00000007d83c0000, 0x0000000800000000)
  eden space 32640K, 7% used [0x00000007d5960000,0x00000007d5bc7620,0x00000007d7940000)
  from space 5376K, 0% used [0x00000007d7940000,0x00000007d7940000,0x00000007d7e80000)
  to   space 5376K, 0% used [0x00000007d7e80000,0x00000007d7e80000,0x00000007d83c0000)
 ParOldGen       total 86848K, used 3061K [0x0000000780c00000, 0x00000007860d0000, 0x00000007d5960000)
  object space 86848K, 3% used [0x0000000780c00000,0x0000000780efd5b8,0x00000007860d0000)
 PSPermGen       total 37888K, used 16823K [0x000000077ba00000, 0x000000077df00000, 0x0000000780c00000)
  object space 37888K, 44% used [0x000000077ba00000,0x000000077ca6df68,0x000000077df00000)
GC Heap History (10 events):
Event: 4.608 GC heap before
{Heap before GC invocations=1 (full 0):
 PSYoungGen      total 38016K, used 32640K [0x00000007d5960000, 0x00000007d83c0000, 0x0000000800000000)
  eden space 32640K, 100% used [0x00000007d5960000,0x00000007d7940000,0x00000007d7940000)
  from space 5376K, 0% used [0x00000007d7e80000,0x00000007d7e80000,0x00000007d83c0000)
  to   space 5376K, 0% used [0x00000007d7940000,0x00000007d7940000,0x00000007d7e80000)
 ParOldGen       total 86848K, used 0K [0x0000000780c00000, 0x00000007860d0000, 0x00000007d5960000)
  object space 86848K, 0% used [0x0000000780c00000,0x0000000780c00000,0x00000007860d0000)
 PSPermGen       total 21248K, used 16564K [0x000000077ba00000, 0x000000077cec0000, 0x0000000780c00000)
  object space 21248K, 77% used [0x000000077ba00000,0x000000077ca2d228,0x000000077cec0000)
Event: 4.634 GC heap after
Heap after GC invocations=1 (full 0):
 PSYoungGen      total 38016K, used 4066K [0x00000007d5960000, 0x00000007d83c0000, 0x0000000800000000)
  eden space 32640K, 0% used [0x00000007d5960000,0x00000007d5960000,0x00000007d7940000)
  from space 5376K, 75% used [0x00000007d7940000,0x00000007d7d38800,0x00000007d7e80000)
  to   space 5376K, 0% used [0x00000007d7e80000,0x00000007d7e80000,0x00000007d83c0000)
 ParOldGen       total 86848K, used 8K [0x0000000780c00000, 0x00000007860d0000, 0x00000007d5960000)
  object space 86848K, 0% used [0x0000000780c00000,0x0000000780c02000,0x00000007860d0000)
 PSPermGen       total 21248K, used 16564K [0x000000077ba00000, 0x000000077cec0000, 0x0000000780c00000)
  object space 21248K, 77% used [0x000000077ba00000,0x000000077ca2d228,0x000000077cec0000)
}
Event: 8.723 GC heap before
{Heap before GC invocations=2 (full 0):
 PSYoungGen      total 38016K, used 19477K [0x00000007d5960000, 0x00000007d83c0000, 0x0000000800000000)
  eden space 32640K, 47% used [0x00000007d5960000,0x00000007d686cdb0,0x00000007d7940000)
  from space 5376K, 75% used [0x00000007d7940000,0x00000007d7d38800,0x00000007d7e80000)
  to   space 5376K, 0% used [0x00000007d7e80000,0x00000007d7e80000,0x00000007d83c0000)
 ParOldGen       total 86848K, used 8K [0x0000000780c00000, 0x00000007860d0000, 0x00000007d5960000)
  object space 86848K, 0% used [0x0000000780c00000,0x0000000780c02000,0x00000007860d0000)
 PSPermGen       total 21248K, used 16823K [0x000000077ba00000, 0x000000077cec0000, 0x0000000780c00000)
  object space 21248K, 79% used [0x000000077ba00000,0x000000077ca6df60,0x000000077cec0000)
Event: 8.740 GC heap after
Heap after GC invocations=2 (full 0):
 PSYoungGen      total 38016K, used 3223K [0x00000007d5960000, 0x00000007d83c0000, 0x0000000800000000)
  eden space 32640K, 0% used [0x00000007d5960000,0x00000007d5960000,0x00000007d7940000)
  from space 5376K, 59% used [0x00000007d7e80000,0x00000007d81a5d28,0x00000007d83c0000)
  to   space 5376K, 0% used [0x00000007d7940000,0x00000007d7940000,0x00000007d7e80000)
 ParOldGen       total 86848K, used 16K [0x0000000780c00000, 0x00000007860d0000, 0x00000007d5960000)
  object space 86848K, 0% used [0x0000000780c00000,0x0000000780c04000,0x00000007860d0000)
 PSPermGen       total 21248K, used 16823K [0x000000077ba00000, 0x000000077cec0000, 0x0000000780c00000)
  object space 21248K, 79% used [0x000000077ba00000,0x000000077ca6df60,0x000000077cec0000)
}
Event: 8.740 GC heap before
{Heap before GC invocations=3 (full 1):
 PSYoungGen      total 38016K, used 3223K [0x00000007d5960000, 0x00000007d83c0000, 0x0000000800000000)
  eden space 32640K, 0% used [0x00000007d5960000,0x00000007d5960000,0x00000007d7940000)
  from space 5376K, 59% used [0x00000007d7e80000,0x00000007d81a5d28,0x00000007d83c0000)
  to   space 5376K, 0% used [0x00000007d7940000,0x00000007d7940000,0x00000007d7e80000)
 ParOldGen       total 86848K, used 16K [0x0000000780c00000, 0x00000007860d0000, 0x00000007d5960000)
  object space 86848K, 0% used [0x0000000780c00000,0x0000000780c04000,0x00000007860d0000)
 PSPermGen       total 21248K, used 16823K [0x000000077ba00000, 0x000000077cec0000, 0x0000000780c00000)
  object space 21248K, 79% used [0x000000077ba00000,0x000000077ca6df60,0x000000077cec0000)
Event: 8.832 GC heap after
Heap after GC invocations=3 (full 1):
 PSYoungGen      total 38016K, used 0K [0x00000007d5960000, 0x00000007d83c0000, 0x0000000800000000)
  eden space 32640K, 0% used [0x00000007d5960000,0x00000007d5960000,0x00000007d7940000)
  from space 5376K, 0% used [0x00000007d7e80000,0x00000007d7e80000,0x00000007d83c0000)
  to   space 5376K, 0% used [0x00000007d7940000,0x00000007d7940000,0x00000007d7e80000)
 ParOldGen       total 86848K, used 3060K [0x0000000780c00000, 0x00000007860d0000, 0x00000007d5960000)
  object space 86848K, 3% used [0x0000000780c00000,0x0000000780efd308,0x00000007860d0000)
 PSPermGen       total 34176K, used 16817K [0x000000077ba00000, 0x000000077db60000, 0x0000000780c00000)
  object space 34176K, 49% used [0x000000077ba00000,0x000000077ca6c538,0x000000077db60000)
}
Event: 8.835 GC heap before
{Heap before GC invocations=4 (full 1):
 PSYoungGen      total 38016K, used 1201K [0x00000007d5960000, 0x00000007d83c0000, 0x0000000800000000)
  eden space 32640K, 3% used [0x00000007d5960000,0x00000007d5a8c4d0,0x00000007d7940000)
  from space 5376K, 0% used [0x00000007d7e80000,0x00000007d7e80000,0x00000007d83c0000)
  to   space 5376K, 0% used [0x00000007d7940000,0x00000007d7940000,0x00000007d7e80000)
 ParOldGen       total 86848K, used 3060K [0x0000000780c00000, 0x00000007860d0000, 0x00000007d5960000)
  object space 86848K, 3% used [0x0000000780c00000,0x0000000780efd308,0x00000007860d0000)
 PSPermGen       total 34176K, used 16817K [0x000000077ba00000, 0x000000077db60000, 0x0000000780c00000)
  object space 34176K, 49% used [0x000000077ba00000,0x000000077ca6c538,0x000000077db60000)
Event: 8.837 GC heap after
Heap after GC invocations=4 (full 1):
 PSYoungGen      total 38016K, used 128K [0x00000007d5960000, 0x00000007d83c0000, 0x0000000800000000)
  eden space 32640K, 0% used [0x00000007d5960000,0x00000007d5960000,0x00000007d7940000)
  from space 5376K, 2% used [0x00000007d7940000,0x00000007d7960000,0x00000007d7e80000)
  to   space 5376K, 0% used [0x00000007d7e80000,0x00000007d7e80000,0x00000007d83c0000)
 ParOldGen       total 86848K, used 3060K [0x0000000780c00000, 0x00000007860d0000, 0x00000007d5960000)
  object space 86848K, 3% used [0x0000000780c00000,0x0000000780efd308,0x00000007860d0000)
 PSPermGen       total 34176K, used 16817K [0x000000077ba00000, 0x000000077db60000, 0x0000000780c00000)
  object space 34176K, 49% used [0x000000077ba00000,0x000000077ca6c538,0x000000077db60000)
}
Event: 8.837 GC heap before
{Heap before GC invocations=5 (full 2):
 PSYoungGen      total 38016K, used 128K [0x00000007d5960000, 0x00000007d83c0000, 0x0000000800000000)
  eden space 32640K, 0% used [0x00000007d5960000,0x00000007d5960000,0x00000007d7940000)
  from space 5376K, 2% used [0x00000007d7940000,0x00000007d7960000,0x00000007d7e80000)
  to   space 5376K, 0% used [0x00000007d7e80000,0x00000007d7e80000,0x00000007d83c0000)
 ParOldGen       total 86848K, used 3060K [0x0000000780c00000, 0x00000007860d0000, 0x00000007d5960000)
  object space 86848K, 3% used [0x0000000780c00000,0x0000000780efd308,0x00000007860d0000)
 PSPermGen       total 34176K, used 16817K [0x000000077ba00000, 0x000000077db60000, 0x0000000780c00000)
  object space 34176K, 49% used [0x000000077ba00000,0x000000077ca6c538,0x000000077db60000)
Event: 8.921 GC heap after
Heap after GC invocations=5 (full 2):
 PSYoungGen      total 38016K, used 0K [0x00000007d5960000, 0x00000007d83c0000, 0x0000000800000000)
  eden space 32640K, 0% used [0x00000007d5960000,0x00000007d5960000,0x00000007d7940000)
  from space 5376K, 0% used [0x00000007d7940000,0x00000007d7940000,0x00000007d7e80000)
  to   space 5376K, 0% used [0x00000007d7e80000,0x00000007d7e80000,0x00000007d83c0000)
 ParOldGen       total 86848K, used 3061K [0x0000000780c00000, 0x00000007860d0000, 0x00000007d5960000)
  object space 86848K, 3% used [0x0000000780c00000,0x0000000780efd5b8,0x00000007860d0000)
 PSPermGen       total 37888K, used 16817K [0x000000077ba00000, 0x000000077df00000, 0x0000000780c00000)
  object space 37888K, 44% used [0x000000077ba00000,0x000000077ca6c538,0x000000077df00000)
}

