# JRE version: 7.0_17-b02
# Java VM: Java HotSpot(TM) 64-Bit Server VM (23.7-b01 mixed mode windows-amd64 compressed oops)
Heap
 PSYoungGen      total 70656K, used 40037K [0x00000007d5960000, 0x00000007da3a0000, 0x0000000800000000)
  eden space 65280K, 53% used [0x00000007d5960000,0x00000007d7b3c658,0x00000007d9920000)
  from space 5376K, 99% used [0x00000007d9920000,0x00000007d9e5cfa0,0x00000007d9e60000)
  to   space 5376K, 0% used [0x00000007d9e60000,0x00000007d9e60000,0x00000007da3a0000)
 ParOldGen       total 86848K, used 1967K [0x0000000780c00000, 0x00000007860d0000, 0x00000007d5960000)
  object space 86848K, 2% used [0x0000000780c00000,0x0000000780debfa0,0x00000007860d0000)
 PSPermGen       total 22784K, used 22660K [0x000000077ba00000, 0x000000077d040000, 0x0000000780c00000)
  object space 22784K, 99% used [0x000000077ba00000,0x000000077d021080,0x000000077d040000)
GC Heap History (6 events):
Event: 3.393 GC heap before
{Heap before GC invocations=1 (full 0):
 PSYoungGen      total 38016K, used 32640K [0x00000007d5960000, 0x00000007d83c0000, 0x0000000800000000)
  eden space 32640K, 100% used [0x00000007d5960000,0x00000007d7940000,0x00000007d7940000)
  from space 5376K, 0% used [0x00000007d7e80000,0x00000007d7e80000,0x00000007d83c0000)
  to   space 5376K, 0% used [0x00000007d7940000,0x00000007d7940000,0x00000007d7e80000)
 ParOldGen       total 86848K, used 0K [0x0000000780c00000, 0x00000007860d0000, 0x00000007d5960000)
  object space 86848K, 0% used [0x0000000780c00000,0x0000000780c00000,0x00000007860d0000)
 PSPermGen       total 21248K, used 14241K [0x000000077ba00000, 0x000000077cec0000, 0x0000000780c00000)
  object space 21248K, 67% used [0x000000077ba00000,0x000000077c7e8640,0x000000077cec0000)
Event: 3.429 GC heap after
Heap after GC invocations=1 (full 0):
 PSYoungGen      total 38016K, used 5365K [0x00000007d5960000, 0x00000007da3a0000, 0x0000000800000000)
  eden space 32640K, 0% used [0x00000007d5960000,0x00000007d5960000,0x00000007d7940000)
  from space 5376K, 99% used [0x00000007d7940000,0x00000007d7e7d720,0x00000007d7e80000)
  to   space 5376K, 0% used [0x00000007d9e60000,0x00000007d9e60000,0x00000007da3a0000)
 ParOldGen       total 86848K, used 118K [0x0000000780c00000, 0x00000007860d0000, 0x00000007d5960000)
  object space 86848K, 0% used [0x0000000780c00000,0x0000000780c1d8d8,0x00000007860d0000)
 PSPermGen       total 21248K, used 14241K [0x000000077ba00000, 0x000000077cec0000, 0x0000000780c00000)
  object space 21248K, 67% used [0x000000077ba00000,0x000000077c7e8640,0x000000077cec0000)
}
Event: 4.964 GC heap before
{Heap before GC invocations=2 (full 0):
 PSYoungGen      total 38016K, used 35927K [0x00000007d5960000, 0x00000007da3a0000, 0x0000000800000000)
  eden space 32640K, 93% used [0x00000007d5960000,0x00000007d7738620,0x00000007d7940000)
  from space 5376K, 99% used [0x00000007d7940000,0x00000007d7e7d720,0x00000007d7e80000)
  to   space 5376K, 0% used [0x00000007d9e60000,0x00000007d9e60000,0x00000007da3a0000)
 ParOldGen       total 86848K, used 118K [0x0000000780c00000, 0x00000007860d0000, 0x00000007d5960000)
  object space 86848K, 0% used [0x0000000780c00000,0x0000000780c1d8d8,0x00000007860d0000)
 PSPermGen       total 21248K, used 16605K [0x000000077ba00000, 0x000000077cec0000, 0x0000000780c00000)
  object space 21248K, 78% used [0x000000077ba00000,0x000000077ca37660,0x000000077cec0000)
Event: 4.981 GC heap after
Heap after GC invocations=2 (full 0):
 PSYoungGen      total 70656K, used 5375K [0x00000007d5960000, 0x00000007da3a0000, 0x0000000800000000)
  eden space 65280K, 0% used [0x00000007d5960000,0x00000007d5960000,0x00000007d9920000)
  from space 5376K, 99% used [0x00000007d9e60000,0x00000007da39fca0,0x00000007da3a0000)
  to   space 5376K, 0% used [0x00000007d9920000,0x00000007d9920000,0x00000007d9e60000)
 ParOldGen       total 86848K, used 998K [0x0000000780c00000, 0x00000007860d0000, 0x00000007d5960000)
  object space 86848K, 1% used [0x0000000780c00000,0x0000000780cf99f0,0x00000007860d0000)
 PSPermGen       total 21248K, used 16605K [0x000000077ba00000, 0x000000077cec0000, 0x0000000780c00000)
  object space 21248K, 78% used [0x000000077ba00000,0x000000077ca37660,0x000000077cec0000)
}
Event: 9.695 GC heap before
{Heap before GC invocations=3 (full 0):
 PSYoungGen      total 70656K, used 70655K [0x00000007d5960000, 0x00000007da3a0000, 0x0000000800000000)
  eden space 65280K, 100% used [0x00000007d5960000,0x00000007d9920000,0x00000007d9920000)
  from space 5376K, 99% used [0x00000007d9e60000,0x00000007da39fca0,0x00000007da3a0000)
  to   space 5376K, 0% used [0x00000007d9920000,0x00000007d9920000,0x00000007d9e60000)
 ParOldGen       total 86848K, used 998K [0x0000000780c00000, 0x00000007860d0000, 0x00000007d5960000)
  object space 86848K, 1% used [0x0000000780c00000,0x0000000780cf99f0,0x00000007860d0000)
 PSPermGen       total 21248K, used 18621K [0x000000077ba00000, 0x000000077cec0000, 0x0000000780c00000)
  object space 21248K, 87% used [0x000000077ba00000,0x000000077cc2f5c8,0x000000077cec0000)
Event: 9.716 GC heap after
Heap after GC invocations=3 (full 0):
 PSYoungGen      total 70656K, used 5363K [0x00000007d5960000, 0x00000007da3a0000, 0x0000000800000000)
  eden space 65280K, 0% used [0x00000007d5960000,0x00000007d5960000,0x00000007d9920000)
  from space 5376K, 99% used [0x00000007d9920000,0x00000007d9e5cfa0,0x00000007d9e60000)
  to   space 5376K, 0% used [0x00000007d9e60000,0x00000007d9e60000,0x00000007da3a0000)
 ParOldGen       total 86848K, used 1967K [0x0000000780c00000, 0x00000007860d0000, 0x00000007d5960000)
  object space 86848K, 2% used [0x0000000780c00000,0x0000000780debfa0,0x00000007860d0000)
 PSPermGen       total 21248K, used 18621K [0x000000077ba00000, 0x000000077cec0000, 0x0000000780c00000)
  object space 21248K, 87% used [0x000000077ba00000,0x000000077cc2f5c8,0x000000077cec0000)
}

