# JRE version: 7.0_17-b02
# Java VM: Java HotSpot(TM) 64-Bit Server VM (23.7-b01 mixed mode windows-amd64 compressed oops)
Heap
 PSYoungGen      total 38016K, used 12502K [0x00000007d5960000, 0x00000007d83c0000, 0x0000000800000000)
  eden space 32640K, 21% used [0x00000007d5960000,0x00000007d60585b8,0x00000007d7940000)
  from space 5376K, 99% used [0x00000007d7e80000,0x00000007d83bd5e0,0x00000007d83c0000)
  to   space 5376K, 0% used [0x00000007d7940000,0x00000007d7940000,0x00000007d7e80000)
 ParOldGen       total 86848K, used 1350K [0x0000000780c00000, 0x00000007860d0000, 0x00000007d5960000)
  object space 86848K, 1% used [0x0000000780c00000,0x0000000780d519d8,0x00000007860d0000)
 PSPermGen       total 21248K, used 18641K [0x000000077ba00000, 0x000000077cec0000, 0x0000000780c00000)
  object space 21248K, 87% used [0x000000077ba00000,0x000000077cc34440,0x000000077cec0000)
GC Heap History (4 events):
Event: 4.998 GC heap before
{Heap before GC invocations=1 (full 0):
 PSYoungGen      total 38016K, used 32640K [0x00000007d5960000, 0x00000007d83c0000, 0x0000000800000000)
  eden space 32640K, 100% used [0x00000007d5960000,0x00000007d7940000,0x00000007d7940000)
  from space 5376K, 0% used [0x00000007d7e80000,0x00000007d7e80000,0x00000007d83c0000)
  to   space 5376K, 0% used [0x00000007d7940000,0x00000007d7940000,0x00000007d7e80000)
 ParOldGen       total 86848K, used 0K [0x0000000780c00000, 0x00000007860d0000, 0x00000007d5960000)
  object space 86848K, 0% used [0x0000000780c00000,0x0000000780c00000,0x00000007860d0000)
 PSPermGen       total 21248K, used 17874K [0x000000077ba00000, 0x000000077cec0000, 0x0000000780c00000)
  object space 21248K, 84% used [0x000000077ba00000,0x000000077cb74898,0x000000077cec0000)
Event: 5.025 GC heap after
Heap after GC invocations=1 (full 0):
 PSYoungGen      total 38016K, used 4983K [0x00000007d5960000, 0x00000007d83c0000, 0x0000000800000000)
  eden space 32640K, 0% used [0x00000007d5960000,0x00000007d5960000,0x00000007d7940000)
  from space 5376K, 92% used [0x00000007d7940000,0x00000007d7e1de78,0x00000007d7e80000)
  to   space 5376K, 0% used [0x00000007d7e80000,0x00000007d7e80000,0x00000007d83c0000)
 ParOldGen       total 86848K, used 8K [0x0000000780c00000, 0x00000007860d0000, 0x00000007d5960000)
  object space 86848K, 0% used [0x0000000780c00000,0x0000000780c02000,0x00000007860d0000)
 PSPermGen       total 21248K, used 17874K [0x000000077ba00000, 0x000000077cec0000, 0x0000000780c00000)
  object space 21248K, 84% used [0x000000077ba00000,0x000000077cb74898,0x000000077cec0000)
}
Event: 23.022 GC heap before
{Heap before GC invocations=2 (full 0):
 PSYoungGen      total 38016K, used 37623K [0x00000007d5960000, 0x00000007d83c0000, 0x0000000800000000)
  eden space 32640K, 100% used [0x00000007d5960000,0x00000007d7940000,0x00000007d7940000)
  from space 5376K, 92% used [0x00000007d7940000,0x00000007d7e1de78,0x00000007d7e80000)
  to   space 5376K, 0% used [0x00000007d7e80000,0x00000007d7e80000,0x00000007d83c0000)
 ParOldGen       total 86848K, used 8K [0x0000000780c00000, 0x00000007860d0000, 0x00000007d5960000)
  object space 86848K, 0% used [0x0000000780c00000,0x0000000780c02000,0x00000007860d0000)
 PSPermGen       total 21248K, used 18614K [0x000000077ba00000, 0x000000077cec0000, 0x0000000780c00000)
  object space 21248K, 87% used [0x000000077ba00000,0x000000077cc2d808,0x000000077cec0000)
Event: 23.049 GC heap after
Heap after GC invocations=2 (full 0):
 PSYoungGen      total 38016K, used 5365K [0x00000007d5960000, 0x00000007d83c0000, 0x0000000800000000)
  eden space 32640K, 0% used [0x00000007d5960000,0x00000007d5960000,0x00000007d7940000)
  from space 5376K, 99% used [0x00000007d7e80000,0x00000007d83bd5e0,0x00000007d83c0000)
  to   space 5376K, 0% used [0x00000007d7940000,0x00000007d7940000,0x00000007d7e80000)
 ParOldGen       total 86848K, used 1350K [0x0000000780c00000, 0x00000007860d0000, 0x00000007d5960000)
  object space 86848K, 1% used [0x0000000780c00000,0x0000000780d519d8,0x00000007860d0000)
 PSPermGen       total 21248K, used 18614K [0x000000077ba00000, 0x000000077cec0000, 0x0000000780c00000)
  object space 21248K, 87% used [0x000000077ba00000,0x000000077cc2d808,0x000000077cec0000)
}

